{"/home/andrei.makarevich/Instinctools-intership/Stage3/server/src/apiError/apiError.js": {"path":"/home/andrei.makarevich/Instinctools-intership/Stage3/server/src/apiError/apiError.js","statementMap":{"0":{"start":{"line":3,"column":4},"end":{"line":3,"column":12}},"1":{"start":{"line":4,"column":4},"end":{"line":4,"column":21}},"2":{"start":{"line":5,"column":4},"end":{"line":5,"column":27}},"3":{"start":{"line":9,"column":4},"end":{"line":9,"column":38}},"4":{"start":{"line":13,"column":0},"end":{"line":13,"column":26}}},"fnMap":{"0":{"name":"(anonymous_0)","decl":{"start":{"line":2,"column":2},"end":{"line":2,"column":3}},"loc":{"start":{"line":2,"column":29},"end":{"line":6,"column":3}},"line":2},"1":{"name":"(anonymous_1)","decl":{"start":{"line":8,"column":2},"end":{"line":8,"column":3}},"loc":{"start":{"line":8,"column":29},"end":{"line":10,"column":3}},"line":8}},"branchMap":{},"s":{"0":24,"1":24,"2":24,"3":24,"4":4},"f":{"0":24,"1":24},"b":{},"_coverageSchema":"1a1c01bbd47fc00a2c39e90264f33305004495a9","hash":"ccff118bad3488d73bb639c23bb8bedc40ce86e6"}
,"/home/andrei.makarevich/Instinctools-intership/Stage3/server/src/db/index.js": {"path":"/home/andrei.makarevich/Instinctools-intership/Stage3/server/src/db/index.js","statementMap":{"0":{"start":{"line":1,"column":17},"end":{"line":1,"column":36}},"1":{"start":{"line":2,"column":17},"end":{"line":2,"column":48}},"2":{"start":{"line":5,"column":2},"end":{"line":7,"column":5}},"3":{"start":{"line":6,"column":4},"end":{"line":6,"column":44}},"4":{"start":{"line":12,"column":22},"end":{"line":14,"column":6}},"5":{"start":{"line":16,"column":4},"end":{"line":20,"column":5}},"6":{"start":{"line":17,"column":6},"end":{"line":19,"column":8}},"7":{"start":{"line":22,"column":29},"end":{"line":22,"column":31}},"8":{"start":{"line":23,"column":2},"end":{"line":36,"column":3}},"9":{"start":{"line":24,"column":4},"end":{"line":26,"column":5}},"10":{"start":{"line":25,"column":6},"end":{"line":25,"column":15}},"11":{"start":{"line":28,"column":4},"end":{"line":33,"column":5}},"12":{"start":{"line":29,"column":6},"end":{"line":31,"column":7}},"13":{"start":{"line":30,"column":8},"end":{"line":30,"column":65}},"14":{"start":{"line":32,"column":6},"end":{"line":32,"column":15}},"15":{"start":{"line":35,"column":4},"end":{"line":35,"column":63}},"16":{"start":{"line":37,"column":2},"end":{"line":37,"column":40}},"17":{"start":{"line":43,"column":20},"end":{"line":43,"column":41}},"18":{"start":{"line":45,"column":2},"end":{"line":51,"column":4}},"19":{"start":{"line":46,"column":4},"end":{"line":48,"column":5}},"20":{"start":{"line":47,"column":6},"end":{"line":47,"column":77}},"21":{"start":{"line":50,"column":4},"end":{"line":50,"column":44}},"22":{"start":{"line":55,"column":20},"end":{"line":55,"column":44}},"23":{"start":{"line":57,"column":2},"end":{"line":68,"column":4}},"24":{"start":{"line":63,"column":4},"end":{"line":65,"column":5}},"25":{"start":{"line":64,"column":6},"end":{"line":64,"column":79}},"26":{"start":{"line":67,"column":4},"end":{"line":67,"column":44}},"27":{"start":{"line":71,"column":0},"end":{"line":71,"column":24}},"28":{"start":{"line":73,"column":0},"end":{"line":73,"column":64}}},"fnMap":{"0":{"name":"connectToTheMongoDB","decl":{"start":{"line":4,"column":9},"end":{"line":4,"column":28}},"loc":{"start":{"line":4,"column":31},"end":{"line":8,"column":1}},"line":4},"1":{"name":"(anonymous_1)","decl":{"start":{"line":5,"column":70},"end":{"line":5,"column":71}},"loc":{"start":{"line":5,"column":76},"end":{"line":7,"column":3}},"line":5},"2":{"name":"checkForTheDuplication","decl":{"start":{"line":10,"column":15},"end":{"line":10,"column":37}},"loc":{"start":{"line":10,"column":70},"end":{"line":38,"column":1}},"line":10},"3":{"name":"findDuplicate","decl":{"start":{"line":11,"column":17},"end":{"line":11,"column":30}},"loc":{"start":{"line":11,"column":55},"end":{"line":21,"column":3}},"line":11},"4":{"name":"expandMongooseMethods","decl":{"start":{"line":40,"column":9},"end":{"line":40,"column":30}},"loc":{"start":{"line":40,"column":33},"end":{"line":69,"column":1}},"line":40},"5":{"name":"(anonymous_5)","decl":{"start":{"line":45,"column":26},"end":{"line":45,"column":27}},"loc":{"start":{"line":45,"column":67},"end":{"line":51,"column":3}},"line":45},"6":{"name":"(anonymous_6)","decl":{"start":{"line":57,"column":29},"end":{"line":57,"column":30}},"loc":{"start":{"line":62,"column":4},"end":{"line":68,"column":3}},"line":62}},"branchMap":{"0":{"loc":{"start":{"line":16,"column":4},"end":{"line":20,"column":5}},"type":"if","locations":[{"start":{"line":16,"column":4},"end":{"line":20,"column":5}},{"start":{},"end":{}}],"line":16},"1":{"loc":{"start":{"line":24,"column":4},"end":{"line":26,"column":5}},"type":"if","locations":[{"start":{"line":24,"column":4},"end":{"line":26,"column":5}},{"start":{},"end":{}}],"line":24},"2":{"loc":{"start":{"line":28,"column":4},"end":{"line":33,"column":5}},"type":"if","locations":[{"start":{"line":28,"column":4},"end":{"line":33,"column":5}},{"start":{},"end":{}}],"line":28},"3":{"loc":{"start":{"line":46,"column":4},"end":{"line":48,"column":5}},"type":"if","locations":[{"start":{"line":46,"column":4},"end":{"line":48,"column":5}},{"start":{},"end":{}}],"line":46},"4":{"loc":{"start":{"line":46,"column":8},"end":{"line":46,"column":47}},"type":"binary-expr","locations":[{"start":{"line":46,"column":8},"end":{"line":46,"column":15}},{"start":{"line":46,"column":19},"end":{"line":46,"column":47}}],"line":46},"5":{"loc":{"start":{"line":63,"column":4},"end":{"line":65,"column":5}},"type":"if","locations":[{"start":{"line":63,"column":4},"end":{"line":65,"column":5}},{"start":{},"end":{}}],"line":63},"6":{"loc":{"start":{"line":63,"column":8},"end":{"line":63,"column":47}},"type":"binary-expr","locations":[{"start":{"line":63,"column":8},"end":{"line":63,"column":15}},{"start":{"line":63,"column":19},"end":{"line":63,"column":47}}],"line":63}},"s":{"0":3,"1":3,"2":0,"3":0,"4":0,"5":0,"6":0,"7":0,"8":0,"9":0,"10":0,"11":0,"12":0,"13":0,"14":0,"15":0,"16":0,"17":5,"18":5,"19":104,"20":0,"21":104,"22":5,"23":5,"24":14,"25":0,"26":14,"27":3,"28":3},"f":{"0":0,"1":0,"2":0,"3":0,"4":5,"5":104,"6":14},"b":{"0":[0,0],"1":[0,0],"2":[0,0],"3":[0,104],"4":[104,0],"5":[0,14],"6":[14,14]},"_coverageSchema":"1a1c01bbd47fc00a2c39e90264f33305004495a9","hash":"8dab301345f86119e7466bc8c70ca00970e3f349"}
,"/home/andrei.makarevich/Instinctools-intership/Stage3/server/src/db/testDb.js": {"path":"/home/andrei.makarevich/Instinctools-intership/Stage3/server/src/db/testDb.js","statementMap":{"0":{"start":{"line":1,"column":17},"end":{"line":1,"column":36}},"1":{"start":{"line":2,"column":30},"end":{"line":2,"column":62}},"2":{"start":{"line":5,"column":17},"end":{"line":5,"column":49}},"3":{"start":{"line":8,"column":21},"end":{"line":8,"column":36}},"4":{"start":{"line":9,"column":4},"end":{"line":9,"column":37}},"5":{"start":{"line":13,"column":4},"end":{"line":13,"column":45}},"6":{"start":{"line":14,"column":4},"end":{"line":14,"column":38}},"7":{"start":{"line":16,"column":4},"end":{"line":16,"column":24}},"8":{"start":{"line":20,"column":24},"end":{"line":20,"column":61}},"9":{"start":{"line":21,"column":30},"end":{"line":21,"column":32}},"10":{"start":{"line":23,"column":4},"end":{"line":25,"column":7}},"11":{"start":{"line":24,"column":6},"end":{"line":24,"column":70}},"12":{"start":{"line":27,"column":4},"end":{"line":27,"column":41}},"13":{"start":{"line":35,"column":2},"end":{"line":40,"column":4}},"14":{"start":{"line":43,"column":0},"end":{"line":43,"column":38}}},"fnMap":{"0":{"name":"GetMongoMemoryServer","decl":{"start":{"line":4,"column":15},"end":{"line":4,"column":35}},"loc":{"start":{"line":4,"column":38},"end":{"line":41,"column":1}},"line":4},"1":{"name":"connect","decl":{"start":{"line":7,"column":17},"end":{"line":7,"column":24}},"loc":{"start":{"line":7,"column":27},"end":{"line":10,"column":3}},"line":7},"2":{"name":"disconnect","decl":{"start":{"line":12,"column":17},"end":{"line":12,"column":27}},"loc":{"start":{"line":12,"column":30},"end":{"line":17,"column":3}},"line":12},"3":{"name":"cleanDataBase","decl":{"start":{"line":19,"column":17},"end":{"line":19,"column":30}},"loc":{"start":{"line":19,"column":33},"end":{"line":33,"column":3}},"line":19},"4":{"name":"(anonymous_4)","decl":{"start":{"line":23,"column":37},"end":{"line":23,"column":38}},"loc":{"start":{"line":23,"column":56},"end":{"line":25,"column":5}},"line":23}},"branchMap":{},"s":{"0":3,"1":3,"2":3,"3":3,"4":3,"5":3,"6":3,"7":3,"8":48,"9":48,"10":48,"11":144,"12":48,"13":3,"14":3},"f":{"0":3,"1":3,"2":3,"3":48,"4":144},"b":{},"_coverageSchema":"1a1c01bbd47fc00a2c39e90264f33305004495a9","hash":"84a08a2802fa1f5e07287151dcc3918fe428eb01"}
,"/home/andrei.makarevich/Instinctools-intership/Stage3/server/src/models/models.js": {"path":"/home/andrei.makarevich/Instinctools-intership/Stage3/server/src/models/models.js","statementMap":{"0":{"start":{"line":1,"column":26},"end":{"line":1,"column":45}},"1":{"start":{"line":3,"column":19},"end":{"line":37,"column":2}},"2":{"start":{"line":39,"column":20},"end":{"line":56,"column":2}},"3":{"start":{"line":58,"column":26},"end":{"line":68,"column":2}},"4":{"start":{"line":70,"column":0},"end":{"line":70,"column":69}},"5":{"start":{"line":72,"column":18},"end":{"line":72,"column":43}},"6":{"start":{"line":73,"column":19},"end":{"line":73,"column":46}},"7":{"start":{"line":74,"column":25},"end":{"line":74,"column":64}},"8":{"start":{"line":76,"column":0},"end":{"line":80,"column":2}}},"fnMap":{},"branchMap":{},"s":{"0":3,"1":3,"2":3,"3":3,"4":3,"5":3,"6":3,"7":3,"8":3},"f":{},"b":{},"_coverageSchema":"1a1c01bbd47fc00a2c39e90264f33305004495a9","hash":"ce5449ff044595610df7ee6ab818d4b61c8047e2"}
,"/home/andrei.makarevich/Instinctools-intership/Stage3/server/src/service/consts.mock.js": {"path":"/home/andrei.makarevich/Instinctools-intership/Stage3/server/src/service/consts.mock.js","statementMap":{"0":{"start":{"line":1,"column":23},"end":{"line":6,"column":1}},"1":{"start":{"line":8,"column":28},"end":{"line":13,"column":1}},"2":{"start":{"line":15,"column":25},"end":{"line":20,"column":1}},"3":{"start":{"line":22,"column":24},"end":{"line":25,"column":1}},"4":{"start":{"line":27,"column":29},"end":{"line":30,"column":1}},"5":{"start":{"line":32,"column":26},"end":{"line":35,"column":1}},"6":{"start":{"line":37,"column":0},"end":{"line":44,"column":2}}},"fnMap":{},"branchMap":{},"s":{"0":3,"1":3,"2":3,"3":3,"4":3,"5":3,"6":3},"f":{},"b":{},"_coverageSchema":"1a1c01bbd47fc00a2c39e90264f33305004495a9","hash":"5ad9647ab37d19c93932bdfa457bd745850e989b"}
,"/home/andrei.makarevich/Instinctools-intership/Stage3/server/src/service/groupService.js": {"path":"/home/andrei.makarevich/Instinctools-intership/Stage3/server/src/service/groupService.js","statementMap":{"0":{"start":{"line":1,"column":17},"end":{"line":1,"column":48}},"1":{"start":{"line":2,"column":23},"end":{"line":2,"column":50}},"2":{"start":{"line":3,"column":16},"end":{"line":3,"column":43}},"3":{"start":{"line":4,"column":31},"end":{"line":4,"column":73}},"4":{"start":{"line":8,"column":4},"end":{"line":10,"column":5}},"5":{"start":{"line":9,"column":6},"end":{"line":9,"column":18}},"6":{"start":{"line":12,"column":18},"end":{"line":14,"column":6}},"7":{"start":{"line":16,"column":4},"end":{"line":16,"column":17}},"8":{"start":{"line":20,"column":17},"end":{"line":20,"column":37}},"9":{"start":{"line":21,"column":18},"end":{"line":21,"column":39}},"10":{"start":{"line":23,"column":24},"end":{"line":23,"column":57}},"11":{"start":{"line":24,"column":24},"end":{"line":24,"column":59}},"12":{"start":{"line":25,"column":23},"end":{"line":27,"column":19}},"13":{"start":{"line":29,"column":4},"end":{"line":29,"column":52}},"14":{"start":{"line":33,"column":18},"end":{"line":46,"column":6}},"15":{"start":{"line":37,"column":6},"end":{"line":43,"column":7}},"16":{"start":{"line":42,"column":8},"end":{"line":42,"column":63}},"17":{"start":{"line":45,"column":6},"end":{"line":45,"column":43}},"18":{"start":{"line":48,"column":4},"end":{"line":48,"column":73}},"19":{"start":{"line":52,"column":4},"end":{"line":52,"column":43}},"20":{"start":{"line":54,"column":23},"end":{"line":68,"column":6}},"21":{"start":{"line":59,"column":6},"end":{"line":65,"column":7}},"22":{"start":{"line":64,"column":8},"end":{"line":64,"column":63}},"23":{"start":{"line":67,"column":6},"end":{"line":67,"column":43}},"24":{"start":{"line":70,"column":4},"end":{"line":72,"column":5}},"25":{"start":{"line":71,"column":6},"end":{"line":71,"column":66}},"26":{"start":{"line":74,"column":4},"end":{"line":76,"column":5}},"27":{"start":{"line":75,"column":6},"end":{"line":75,"column":74}},"28":{"start":{"line":78,"column":4},"end":{"line":80,"column":5}},"29":{"start":{"line":79,"column":6},"end":{"line":79,"column":53}},"30":{"start":{"line":82,"column":4},"end":{"line":82,"column":53}},"31":{"start":{"line":86,"column":4},"end":{"line":86,"column":43}},"32":{"start":{"line":88,"column":25},"end":{"line":92,"column":5}},"33":{"start":{"line":90,"column":8},"end":{"line":90,"column":37}},"34":{"start":{"line":94,"column":4},"end":{"line":98,"column":5}},"35":{"start":{"line":95,"column":6},"end":{"line":97,"column":8}},"36":{"start":{"line":100,"column":4},"end":{"line":100,"column":52}},"37":{"start":{"line":104,"column":0},"end":{"line":104,"column":30}}},"fnMap":{"0":{"name":"(anonymous_0)","decl":{"start":{"line":7,"column":2},"end":{"line":7,"column":3}},"loc":{"start":{"line":7,"column":47},"end":{"line":17,"column":3}},"line":7},"1":{"name":"(anonymous_1)","decl":{"start":{"line":19,"column":2},"end":{"line":19,"column":3}},"loc":{"start":{"line":19,"column":55},"end":{"line":30,"column":3}},"line":19},"2":{"name":"(anonymous_2)","decl":{"start":{"line":32,"column":2},"end":{"line":32,"column":3}},"loc":{"start":{"line":32,"column":50},"end":{"line":49,"column":3}},"line":32},"3":{"name":"(anonymous_3)","decl":{"start":{"line":36,"column":13},"end":{"line":36,"column":14}},"loc":{"start":{"line":36,"column":20},"end":{"line":46,"column":5}},"line":36},"4":{"name":"(anonymous_4)","decl":{"start":{"line":51,"column":2},"end":{"line":51,"column":3}},"loc":{"start":{"line":51,"column":57},"end":{"line":83,"column":3}},"line":51},"5":{"name":"(anonymous_5)","decl":{"start":{"line":58,"column":12},"end":{"line":58,"column":13}},"loc":{"start":{"line":58,"column":19},"end":{"line":68,"column":5}},"line":58},"6":{"name":"(anonymous_6)","decl":{"start":{"line":85,"column":2},"end":{"line":85,"column":3}},"loc":{"start":{"line":85,"column":36},"end":{"line":101,"column":3}},"line":85},"7":{"name":"(anonymous_7)","decl":{"start":{"line":89,"column":6},"end":{"line":89,"column":7}},"loc":{"start":{"line":89,"column":13},"end":{"line":91,"column":7}},"line":89}},"branchMap":{"0":{"loc":{"start":{"line":8,"column":4},"end":{"line":10,"column":5}},"type":"if","locations":[{"start":{"line":8,"column":4},"end":{"line":10,"column":5}},{"start":{},"end":{}}],"line":8},"1":{"loc":{"start":{"line":8,"column":8},"end":{"line":8,"column":77}},"type":"binary-expr","locations":[{"start":{"line":8,"column":8},"end":{"line":8,"column":54}},{"start":{"line":8,"column":58},"end":{"line":8,"column":77}}],"line":8},"2":{"loc":{"start":{"line":20,"column":17},"end":{"line":20,"column":37}},"type":"binary-expr","locations":[{"start":{"line":20,"column":17},"end":{"line":20,"column":32}},{"start":{"line":20,"column":36},"end":{"line":20,"column":37}}],"line":20},"3":{"loc":{"start":{"line":21,"column":18},"end":{"line":21,"column":39}},"type":"binary-expr","locations":[{"start":{"line":21,"column":18},"end":{"line":21,"column":34}},{"start":{"line":21,"column":38},"end":{"line":21,"column":39}}],"line":21},"4":{"loc":{"start":{"line":37,"column":6},"end":{"line":43,"column":7}},"type":"if","locations":[{"start":{"line":37,"column":6},"end":{"line":43,"column":7}},{"start":{},"end":{}}],"line":37},"5":{"loc":{"start":{"line":38,"column":8},"end":{"line":40,"column":39}},"type":"binary-expr","locations":[{"start":{"line":38,"column":8},"end":{"line":38,"column":37}},{"start":{"line":39,"column":8},"end":{"line":39,"column":24}},{"start":{"line":40,"column":8},"end":{"line":40,"column":39}}],"line":38},"6":{"loc":{"start":{"line":59,"column":6},"end":{"line":65,"column":7}},"type":"if","locations":[{"start":{"line":59,"column":6},"end":{"line":65,"column":7}},{"start":{},"end":{}}],"line":59},"7":{"loc":{"start":{"line":60,"column":8},"end":{"line":62,"column":39}},"type":"binary-expr","locations":[{"start":{"line":60,"column":8},"end":{"line":60,"column":37}},{"start":{"line":61,"column":8},"end":{"line":61,"column":24}},{"start":{"line":62,"column":8},"end":{"line":62,"column":39}}],"line":60},"8":{"loc":{"start":{"line":70,"column":4},"end":{"line":72,"column":5}},"type":"if","locations":[{"start":{"line":70,"column":4},"end":{"line":72,"column":5}},{"start":{},"end":{}}],"line":70},"9":{"loc":{"start":{"line":74,"column":4},"end":{"line":76,"column":5}},"type":"if","locations":[{"start":{"line":74,"column":4},"end":{"line":76,"column":5}},{"start":{},"end":{}}],"line":74},"10":{"loc":{"start":{"line":78,"column":4},"end":{"line":80,"column":5}},"type":"if","locations":[{"start":{"line":78,"column":4},"end":{"line":80,"column":5}},{"start":{},"end":{}}],"line":78},"11":{"loc":{"start":{"line":94,"column":4},"end":{"line":98,"column":5}},"type":"if","locations":[{"start":{"line":94,"column":4},"end":{"line":98,"column":5}},{"start":{},"end":{}}],"line":94}},"s":{"0":2,"1":2,"2":2,"3":2,"4":4,"5":0,"6":4,"7":4,"8":2,"9":2,"10":2,"11":2,"12":2,"13":2,"14":27,"15":2,"16":1,"17":1,"18":25,"19":4,"20":3,"21":1,"22":1,"23":0,"24":2,"25":0,"26":2,"27":1,"28":1,"29":0,"30":1,"31":3,"32":2,"33":0,"34":2,"35":1,"36":1,"37":2},"f":{"0":4,"1":2,"2":27,"3":2,"4":4,"5":1,"6":3,"7":0},"b":{"0":[0,4],"1":[4,2],"2":[2,1],"3":[2,1],"4":[1,1],"5":[2,1,1],"6":[1,0],"7":[1,1,1],"8":[0,2],"9":[1,1],"10":[0,1],"11":[1,1]},"_coverageSchema":"1a1c01bbd47fc00a2c39e90264f33305004495a9","hash":"36c8c7612bb1a730f3995a742ba6f8de207e41d4"}
,"/home/andrei.makarevich/Instinctools-intership/Stage3/server/src/service/userGroupService.js": {"path":"/home/andrei.makarevich/Instinctools-intership/Stage3/server/src/service/userGroupService.js","statementMap":{"0":{"start":{"line":1,"column":17},"end":{"line":1,"column":48}},"1":{"start":{"line":2,"column":52},"end":{"line":2,"column":79}},"2":{"start":{"line":3,"column":16},"end":{"line":3,"column":43}},"3":{"start":{"line":4,"column":31},"end":{"line":4,"column":73}},"4":{"start":{"line":8,"column":28},"end":{"line":8,"column":76}},"5":{"start":{"line":10,"column":4},"end":{"line":10,"column":27}},"6":{"start":{"line":14,"column":4},"end":{"line":14,"column":41}},"7":{"start":{"line":16,"column":32},"end":{"line":18,"column":6}},"8":{"start":{"line":20,"column":4},"end":{"line":22,"column":5}},"9":{"start":{"line":21,"column":6},"end":{"line":21,"column":36}},"10":{"start":{"line":24,"column":28},"end":{"line":24,"column":64}},"11":{"start":{"line":25,"column":22},"end":{"line":25,"column":40}},"12":{"start":{"line":28,"column":4},"end":{"line":30,"column":6}},"13":{"start":{"line":29,"column":6},"end":{"line":29,"column":32}},"14":{"start":{"line":32,"column":23},"end":{"line":37,"column":19}},"15":{"start":{"line":39,"column":28},"end":{"line":42,"column":6}},"16":{"start":{"line":44,"column":4},"end":{"line":44,"column":56}},"17":{"start":{"line":53,"column":4},"end":{"line":53,"column":46}},"18":{"start":{"line":55,"column":33},"end":{"line":57,"column":6}},"19":{"start":{"line":59,"column":28},"end":{"line":59,"column":64}},"20":{"start":{"line":60,"column":22},"end":{"line":60,"column":40}},"21":{"start":{"line":62,"column":26},"end":{"line":64,"column":5}},"22":{"start":{"line":63,"column":22},"end":{"line":63,"column":40}},"23":{"start":{"line":66,"column":19},"end":{"line":71,"column":19}},"24":{"start":{"line":73,"column":24},"end":{"line":76,"column":6}},"25":{"start":{"line":78,"column":4},"end":{"line":78,"column":48}},"26":{"start":{"line":82,"column":4},"end":{"line":82,"column":49}},"27":{"start":{"line":84,"column":31},"end":{"line":86,"column":6}},"28":{"start":{"line":88,"column":4},"end":{"line":90,"column":5}},"29":{"start":{"line":89,"column":6},"end":{"line":89,"column":36}},"30":{"start":{"line":92,"column":22},"end":{"line":92,"column":40}},"31":{"start":{"line":94,"column":31},"end":{"line":94,"column":67}},"32":{"start":{"line":96,"column":4},"end":{"line":98,"column":6}},"33":{"start":{"line":97,"column":6},"end":{"line":97,"column":31}},"34":{"start":{"line":100,"column":18},"end":{"line":105,"column":19}},"35":{"start":{"line":107,"column":23},"end":{"line":110,"column":6}},"36":{"start":{"line":112,"column":4},"end":{"line":112,"column":46}},"37":{"start":{"line":116,"column":4},"end":{"line":116,"column":49}},"38":{"start":{"line":118,"column":31},"end":{"line":120,"column":6}},"39":{"start":{"line":122,"column":28},"end":{"line":122,"column":64}},"40":{"start":{"line":123,"column":22},"end":{"line":123,"column":40}},"41":{"start":{"line":125,"column":4},"end":{"line":127,"column":6}},"42":{"start":{"line":126,"column":22},"end":{"line":126,"column":39}},"43":{"start":{"line":129,"column":23},"end":{"line":134,"column":19}},"44":{"start":{"line":136,"column":28},"end":{"line":139,"column":6}},"45":{"start":{"line":141,"column":4},"end":{"line":141,"column":56}},"46":{"start":{"line":145,"column":4},"end":{"line":145,"column":41}},"47":{"start":{"line":146,"column":4},"end":{"line":146,"column":43}},"48":{"start":{"line":148,"column":17},"end":{"line":148,"column":49}},"49":{"start":{"line":149,"column":18},"end":{"line":149,"column":52}},"50":{"start":{"line":151,"column":4},"end":{"line":155,"column":5}},"51":{"start":{"line":152,"column":6},"end":{"line":154,"column":8}},"52":{"start":{"line":157,"column":4},"end":{"line":161,"column":5}},"53":{"start":{"line":158,"column":6},"end":{"line":160,"column":8}},"54":{"start":{"line":163,"column":4},"end":{"line":171,"column":7}},"55":{"start":{"line":167,"column":6},"end":{"line":169,"column":7}},"56":{"start":{"line":168,"column":8},"end":{"line":168,"column":76}},"57":{"start":{"line":170,"column":6},"end":{"line":170,"column":43}},"58":{"start":{"line":173,"column":4},"end":{"line":175,"column":6}},"59":{"start":{"line":179,"column":4},"end":{"line":179,"column":41}},"60":{"start":{"line":180,"column":4},"end":{"line":180,"column":43}},"61":{"start":{"line":182,"column":27},"end":{"line":185,"column":6}},"62":{"start":{"line":187,"column":4},"end":{"line":189,"column":5}},"63":{"start":{"line":188,"column":6},"end":{"line":188,"column":69}},"64":{"start":{"line":191,"column":4},"end":{"line":193,"column":6}},"65":{"start":{"line":197,"column":0},"end":{"line":197,"column":34}}},"fnMap":{"0":{"name":"(anonymous_0)","decl":{"start":{"line":7,"column":2},"end":{"line":7,"column":3}},"loc":{"start":{"line":7,"column":55},"end":{"line":11,"column":3}},"line":7},"1":{"name":"(anonymous_1)","decl":{"start":{"line":13,"column":2},"end":{"line":13,"column":3}},"loc":{"start":{"line":13,"column":73},"end":{"line":45,"column":3}},"line":13},"2":{"name":"(anonymous_2)","decl":{"start":{"line":28,"column":54},"end":{"line":28,"column":55}},"loc":{"start":{"line":29,"column":6},"end":{"line":29,"column":32}},"line":29},"3":{"name":"(anonymous_3)","decl":{"start":{"line":47,"column":2},"end":{"line":47,"column":3}},"loc":{"start":{"line":52,"column":4},"end":{"line":79,"column":3}},"line":52},"4":{"name":"(anonymous_4)","decl":{"start":{"line":63,"column":6},"end":{"line":63,"column":7}},"loc":{"start":{"line":63,"column":22},"end":{"line":63,"column":40}},"line":63},"5":{"name":"(anonymous_5)","decl":{"start":{"line":81,"column":2},"end":{"line":81,"column":3}},"loc":{"start":{"line":81,"column":73},"end":{"line":113,"column":3}},"line":81},"6":{"name":"(anonymous_6)","decl":{"start":{"line":96,"column":52},"end":{"line":96,"column":53}},"loc":{"start":{"line":97,"column":6},"end":{"line":97,"column":31}},"line":97},"7":{"name":"(anonymous_7)","decl":{"start":{"line":115,"column":2},"end":{"line":115,"column":3}},"loc":{"start":{"line":115,"column":78},"end":{"line":142,"column":3}},"line":115},"8":{"name":"(anonymous_8)","decl":{"start":{"line":126,"column":6},"end":{"line":126,"column":7}},"loc":{"start":{"line":126,"column":22},"end":{"line":126,"column":39}},"line":126},"9":{"name":"(anonymous_9)","decl":{"start":{"line":144,"column":2},"end":{"line":144,"column":3}},"loc":{"start":{"line":144,"column":47},"end":{"line":176,"column":3}},"line":144},"10":{"name":"(anonymous_10)","decl":{"start":{"line":166,"column":13},"end":{"line":166,"column":14}},"loc":{"start":{"line":166,"column":20},"end":{"line":171,"column":5}},"line":166},"11":{"name":"(anonymous_11)","decl":{"start":{"line":178,"column":2},"end":{"line":178,"column":3}},"loc":{"start":{"line":178,"column":52},"end":{"line":194,"column":3}},"line":178}},"branchMap":{"0":{"loc":{"start":{"line":13,"column":52},"end":{"line":13,"column":60}},"type":"default-arg","locations":[{"start":{"line":13,"column":59},"end":{"line":13,"column":60}}],"line":13},"1":{"loc":{"start":{"line":13,"column":62},"end":{"line":13,"column":71}},"type":"default-arg","locations":[{"start":{"line":13,"column":70},"end":{"line":13,"column":71}}],"line":13},"2":{"loc":{"start":{"line":20,"column":4},"end":{"line":22,"column":5}},"type":"if","locations":[{"start":{"line":20,"column":4},"end":{"line":22,"column":5}},{"start":{},"end":{}}],"line":20},"3":{"loc":{"start":{"line":50,"column":4},"end":{"line":50,"column":12}},"type":"default-arg","locations":[{"start":{"line":50,"column":11},"end":{"line":50,"column":12}}],"line":50},"4":{"loc":{"start":{"line":51,"column":4},"end":{"line":51,"column":13}},"type":"default-arg","locations":[{"start":{"line":51,"column":12},"end":{"line":51,"column":13}}],"line":51},"5":{"loc":{"start":{"line":81,"column":52},"end":{"line":81,"column":60}},"type":"default-arg","locations":[{"start":{"line":81,"column":59},"end":{"line":81,"column":60}}],"line":81},"6":{"loc":{"start":{"line":81,"column":62},"end":{"line":81,"column":71}},"type":"default-arg","locations":[{"start":{"line":81,"column":70},"end":{"line":81,"column":71}}],"line":81},"7":{"loc":{"start":{"line":88,"column":4},"end":{"line":90,"column":5}},"type":"if","locations":[{"start":{"line":88,"column":4},"end":{"line":90,"column":5}},{"start":{},"end":{}}],"line":88},"8":{"loc":{"start":{"line":115,"column":57},"end":{"line":115,"column":65}},"type":"default-arg","locations":[{"start":{"line":115,"column":64},"end":{"line":115,"column":65}}],"line":115},"9":{"loc":{"start":{"line":115,"column":67},"end":{"line":115,"column":76}},"type":"default-arg","locations":[{"start":{"line":115,"column":75},"end":{"line":115,"column":76}}],"line":115},"10":{"loc":{"start":{"line":151,"column":4},"end":{"line":155,"column":5}},"type":"if","locations":[{"start":{"line":151,"column":4},"end":{"line":155,"column":5}},{"start":{},"end":{}}],"line":151},"11":{"loc":{"start":{"line":157,"column":4},"end":{"line":161,"column":5}},"type":"if","locations":[{"start":{"line":157,"column":4},"end":{"line":161,"column":5}},{"start":{},"end":{}}],"line":157},"12":{"loc":{"start":{"line":167,"column":6},"end":{"line":169,"column":7}},"type":"if","locations":[{"start":{"line":167,"column":6},"end":{"line":169,"column":7}},{"start":{},"end":{}}],"line":167},"13":{"loc":{"start":{"line":187,"column":4},"end":{"line":189,"column":5}},"type":"if","locations":[{"start":{"line":187,"column":4},"end":{"line":189,"column":5}},{"start":{},"end":{}}],"line":187}},"s":{"0":1,"1":1,"2":1,"3":1,"4":1,"5":1,"6":2,"7":2,"8":2,"9":1,"10":1,"11":1,"12":1,"13":2,"14":1,"15":1,"16":1,"17":2,"18":2,"19":2,"20":2,"21":2,"22":1,"23":2,"24":2,"25":2,"26":2,"27":2,"28":2,"29":1,"30":1,"31":1,"32":1,"33":2,"34":1,"35":1,"36":1,"37":2,"38":2,"39":2,"40":2,"41":2,"42":1,"43":2,"44":2,"45":2,"46":14,"47":13,"48":12,"49":12,"50":12,"51":1,"52":11,"53":1,"54":10,"55":1,"56":1,"57":0,"58":9,"59":4,"60":4,"61":4,"62":4,"63":3,"64":1,"65":1},"f":{"0":1,"1":2,"2":2,"3":2,"4":1,"5":2,"6":2,"7":2,"8":1,"9":14,"10":1,"11":4},"b":{"0":[1],"1":[1],"2":[1,1],"3":[0],"4":[0],"5":[1],"6":[1],"7":[1,1],"8":[1],"9":[1],"10":[1,11],"11":[1,10],"12":[1,0],"13":[3,1]},"_coverageSchema":"1a1c01bbd47fc00a2c39e90264f33305004495a9","hash":"019ddf8a0983ca8b3d3346755f3d5b4a813e8d46"}
,"/home/andrei.makarevich/Instinctools-intership/Stage3/server/src/service/userService.js": {"path":"/home/andrei.makarevich/Instinctools-intership/Stage3/server/src/service/userService.js","statementMap":{"0":{"start":{"line":1,"column":17},"end":{"line":1,"column":48}},"1":{"start":{"line":2,"column":22},"end":{"line":2,"column":49}},"2":{"start":{"line":3,"column":16},"end":{"line":3,"column":43}},"3":{"start":{"line":4,"column":31},"end":{"line":4,"column":73}},"4":{"start":{"line":8,"column":4},"end":{"line":10,"column":5}},"5":{"start":{"line":9,"column":6},"end":{"line":9,"column":18}},"6":{"start":{"line":12,"column":17},"end":{"line":14,"column":6}},"7":{"start":{"line":16,"column":4},"end":{"line":16,"column":16}},"8":{"start":{"line":20,"column":24},"end":{"line":20,"column":57}},"9":{"start":{"line":21,"column":23},"end":{"line":21,"column":57}},"10":{"start":{"line":22,"column":22},"end":{"line":24,"column":19}},"11":{"start":{"line":26,"column":4},"end":{"line":26,"column":50}},"12":{"start":{"line":30,"column":17},"end":{"line":46,"column":6}},"13":{"start":{"line":36,"column":6},"end":{"line":44,"column":7}},"14":{"start":{"line":37,"column":8},"end":{"line":39,"column":9}},"15":{"start":{"line":38,"column":10},"end":{"line":38,"column":63}},"16":{"start":{"line":41,"column":8},"end":{"line":43,"column":9}},"17":{"start":{"line":42,"column":10},"end":{"line":42,"column":60}},"18":{"start":{"line":45,"column":6},"end":{"line":45,"column":43}},"19":{"start":{"line":48,"column":4},"end":{"line":48,"column":58}},"20":{"start":{"line":52,"column":4},"end":{"line":52,"column":41}},"21":{"start":{"line":54,"column":25},"end":{"line":74,"column":6}},"22":{"start":{"line":64,"column":6},"end":{"line":72,"column":7}},"23":{"start":{"line":65,"column":8},"end":{"line":67,"column":9}},"24":{"start":{"line":66,"column":10},"end":{"line":66,"column":63}},"25":{"start":{"line":69,"column":8},"end":{"line":71,"column":9}},"26":{"start":{"line":70,"column":10},"end":{"line":70,"column":60}},"27":{"start":{"line":73,"column":6},"end":{"line":73,"column":43}},"28":{"start":{"line":76,"column":4},"end":{"line":78,"column":5}},"29":{"start":{"line":77,"column":6},"end":{"line":77,"column":66}},"30":{"start":{"line":80,"column":4},"end":{"line":82,"column":5}},"31":{"start":{"line":81,"column":6},"end":{"line":81,"column":74}},"32":{"start":{"line":84,"column":4},"end":{"line":86,"column":5}},"33":{"start":{"line":85,"column":6},"end":{"line":85,"column":53}},"34":{"start":{"line":88,"column":4},"end":{"line":88,"column":37}},"35":{"start":{"line":92,"column":4},"end":{"line":92,"column":41}},"36":{"start":{"line":93,"column":27},"end":{"line":93,"column":69}},"37":{"start":{"line":95,"column":4},"end":{"line":99,"column":5}},"38":{"start":{"line":96,"column":6},"end":{"line":98,"column":8}},"39":{"start":{"line":101,"column":4},"end":{"line":101,"column":52}},"40":{"start":{"line":105,"column":0},"end":{"line":105,"column":29}}},"fnMap":{"0":{"name":"(anonymous_0)","decl":{"start":{"line":7,"column":2},"end":{"line":7,"column":3}},"loc":{"start":{"line":7,"column":46},"end":{"line":17,"column":3}},"line":7},"1":{"name":"(anonymous_1)","decl":{"start":{"line":19,"column":2},"end":{"line":19,"column":3}},"loc":{"start":{"line":19,"column":56},"end":{"line":27,"column":3}},"line":19},"2":{"name":"(anonymous_2)","decl":{"start":{"line":29,"column":2},"end":{"line":29,"column":3}},"loc":{"start":{"line":29,"column":64},"end":{"line":49,"column":3}},"line":29},"3":{"name":"(anonymous_3)","decl":{"start":{"line":35,"column":13},"end":{"line":35,"column":14}},"loc":{"start":{"line":35,"column":20},"end":{"line":46,"column":5}},"line":35},"4":{"name":"(anonymous_4)","decl":{"start":{"line":51,"column":2},"end":{"line":51,"column":3}},"loc":{"start":{"line":51,"column":70},"end":{"line":89,"column":3}},"line":51},"5":{"name":"(anonymous_5)","decl":{"start":{"line":63,"column":12},"end":{"line":63,"column":13}},"loc":{"start":{"line":63,"column":19},"end":{"line":74,"column":5}},"line":63},"6":{"name":"(anonymous_6)","decl":{"start":{"line":91,"column":2},"end":{"line":91,"column":3}},"loc":{"start":{"line":91,"column":34},"end":{"line":102,"column":3}},"line":91}},"branchMap":{"0":{"loc":{"start":{"line":8,"column":4},"end":{"line":10,"column":5}},"type":"if","locations":[{"start":{"line":8,"column":4},"end":{"line":10,"column":5}},{"start":{},"end":{}}],"line":8},"1":{"loc":{"start":{"line":8,"column":8},"end":{"line":8,"column":76}},"type":"binary-expr","locations":[{"start":{"line":8,"column":8},"end":{"line":8,"column":53}},{"start":{"line":8,"column":57},"end":{"line":8,"column":76}}],"line":8},"2":{"loc":{"start":{"line":19,"column":35},"end":{"line":19,"column":43}},"type":"default-arg","locations":[{"start":{"line":19,"column":42},"end":{"line":19,"column":43}}],"line":19},"3":{"loc":{"start":{"line":19,"column":45},"end":{"line":19,"column":54}},"type":"default-arg","locations":[{"start":{"line":19,"column":53},"end":{"line":19,"column":54}}],"line":19},"4":{"loc":{"start":{"line":36,"column":6},"end":{"line":44,"column":7}},"type":"if","locations":[{"start":{"line":36,"column":6},"end":{"line":44,"column":7}},{"start":{},"end":{}}],"line":36},"5":{"loc":{"start":{"line":36,"column":10},"end":{"line":36,"column":59}},"type":"binary-expr","locations":[{"start":{"line":36,"column":10},"end":{"line":36,"column":39}},{"start":{"line":36,"column":43},"end":{"line":36,"column":59}}],"line":36},"6":{"loc":{"start":{"line":37,"column":8},"end":{"line":39,"column":9}},"type":"if","locations":[{"start":{"line":37,"column":8},"end":{"line":39,"column":9}},{"start":{},"end":{}}],"line":37},"7":{"loc":{"start":{"line":41,"column":8},"end":{"line":43,"column":9}},"type":"if","locations":[{"start":{"line":41,"column":8},"end":{"line":43,"column":9}},{"start":{},"end":{}}],"line":41},"8":{"loc":{"start":{"line":64,"column":6},"end":{"line":72,"column":7}},"type":"if","locations":[{"start":{"line":64,"column":6},"end":{"line":72,"column":7}},{"start":{},"end":{}}],"line":64},"9":{"loc":{"start":{"line":64,"column":10},"end":{"line":64,"column":59}},"type":"binary-expr","locations":[{"start":{"line":64,"column":10},"end":{"line":64,"column":39}},{"start":{"line":64,"column":43},"end":{"line":64,"column":59}}],"line":64},"10":{"loc":{"start":{"line":65,"column":8},"end":{"line":67,"column":9}},"type":"if","locations":[{"start":{"line":65,"column":8},"end":{"line":67,"column":9}},{"start":{},"end":{}}],"line":65},"11":{"loc":{"start":{"line":69,"column":8},"end":{"line":71,"column":9}},"type":"if","locations":[{"start":{"line":69,"column":8},"end":{"line":71,"column":9}},{"start":{},"end":{}}],"line":69},"12":{"loc":{"start":{"line":76,"column":4},"end":{"line":78,"column":5}},"type":"if","locations":[{"start":{"line":76,"column":4},"end":{"line":78,"column":5}},{"start":{},"end":{}}],"line":76},"13":{"loc":{"start":{"line":80,"column":4},"end":{"line":82,"column":5}},"type":"if","locations":[{"start":{"line":80,"column":4},"end":{"line":82,"column":5}},{"start":{},"end":{}}],"line":80},"14":{"loc":{"start":{"line":84,"column":4},"end":{"line":86,"column":5}},"type":"if","locations":[{"start":{"line":84,"column":4},"end":{"line":86,"column":5}},{"start":{},"end":{}}],"line":84},"15":{"loc":{"start":{"line":95,"column":4},"end":{"line":99,"column":5}},"type":"if","locations":[{"start":{"line":95,"column":4},"end":{"line":99,"column":5}},{"start":{},"end":{}}],"line":95}},"s":{"0":2,"1":2,"2":2,"3":2,"4":5,"5":0,"6":5,"7":5,"8":2,"9":2,"10":2,"11":2,"12":34,"13":3,"14":2,"15":1,"16":1,"17":1,"18":1,"19":31,"20":5,"21":4,"22":2,"23":2,"24":1,"25":1,"26":1,"27":0,"28":2,"29":1,"30":1,"31":0,"32":1,"33":0,"34":1,"35":3,"36":2,"37":2,"38":1,"39":1,"40":2},"f":{"0":5,"1":2,"2":34,"3":3,"4":5,"5":2,"6":3},"b":{"0":[0,5],"1":[5,2],"2":[1],"3":[1],"4":[2,1],"5":[3,2],"6":[1,1],"7":[1,0],"8":[2,0],"9":[2,2],"10":[1,1],"11":[1,0],"12":[1,1],"13":[0,1],"14":[0,1],"15":[1,1]},"_coverageSchema":"1a1c01bbd47fc00a2c39e90264f33305004495a9","hash":"946f1ac6a8999dcbffefe5315f02e717de0941f5"}
,"/home/andrei.makarevich/Instinctools-intership/Stage3/server/src/utils/checkId.js": {"path":"/home/andrei.makarevich/Instinctools-intership/Stage3/server/src/utils/checkId.js","statementMap":{"0":{"start":{"line":1,"column":17},"end":{"line":1,"column":48}},"1":{"start":{"line":4,"column":2},"end":{"line":6,"column":3}},"2":{"start":{"line":5,"column":4},"end":{"line":5,"column":44}},"3":{"start":{"line":9,"column":0},"end":{"line":9,"column":25}}},"fnMap":{"0":{"name":"checkId","decl":{"start":{"line":3,"column":9},"end":{"line":3,"column":16}},"loc":{"start":{"line":3,"column":35},"end":{"line":7,"column":1}},"line":3}},"branchMap":{"0":{"loc":{"start":{"line":4,"column":2},"end":{"line":6,"column":3}},"type":"if","locations":[{"start":{"line":4,"column":2},"end":{"line":6,"column":3}},{"start":{},"end":{}}],"line":4}},"s":{"0":3,"1":58,"2":6,"3":3},"f":{"0":58},"b":{"0":[6,52]},"_coverageSchema":"1a1c01bbd47fc00a2c39e90264f33305004495a9","hash":"d69fed571858c48f9324f74f729633c7a1b8ebf8"}
,"/home/andrei.makarevich/Instinctools-intership/Stage3/server/src/utils/createModelSearchQuery.js": {"path":"/home/andrei.makarevich/Instinctools-intership/Stage3/server/src/utils/createModelSearchQuery.js","statementMap":{"0":{"start":{"line":1,"column":17},"end":{"line":1,"column":48}},"1":{"start":{"line":4,"column":2},"end":{"line":6,"column":3}},"2":{"start":{"line":5,"column":4},"end":{"line":5,"column":14}},"3":{"start":{"line":9,"column":2},"end":{"line":15,"column":3}},"4":{"start":{"line":10,"column":4},"end":{"line":14,"column":5}},"5":{"start":{"line":11,"column":6},"end":{"line":11,"column":34}},"6":{"start":{"line":13,"column":6},"end":{"line":13,"column":35}},"7":{"start":{"line":17,"column":22},"end":{"line":17,"column":24}},"8":{"start":{"line":20,"column":4},"end":{"line":54,"column":7}},"9":{"start":{"line":21,"column":6},"end":{"line":27,"column":7}},"10":{"start":{"line":22,"column":29},"end":{"line":24,"column":18}},"11":{"start":{"line":26,"column":8},"end":{"line":26,"column":62}},"12":{"start":{"line":29,"column":35},"end":{"line":31,"column":16}},"13":{"start":{"line":32,"column":26},"end":{"line":32,"column":52}},"14":{"start":{"line":34,"column":6},"end":{"line":53,"column":7}},"15":{"start":{"line":35,"column":8},"end":{"line":38,"column":10}},"16":{"start":{"line":40,"column":8},"end":{"line":45,"column":9}},"17":{"start":{"line":41,"column":10},"end":{"line":44,"column":12}},"18":{"start":{"line":47,"column":8},"end":{"line":52,"column":9}},"19":{"start":{"line":48,"column":10},"end":{"line":51,"column":12}},"20":{"start":{"line":57,"column":2},"end":{"line":57,"column":29}},"21":{"start":{"line":59,"column":2},"end":{"line":59,"column":21}},"22":{"start":{"line":62,"column":0},"end":{"line":62,"column":40}}},"fnMap":{"0":{"name":"createModelSearchQuery","decl":{"start":{"line":3,"column":9},"end":{"line":3,"column":31}},"loc":{"start":{"line":3,"column":37},"end":{"line":60,"column":1}},"line":3},"1":{"name":"fillFinalObject","decl":{"start":{"line":19,"column":11},"end":{"line":19,"column":26}},"loc":{"start":{"line":19,"column":52},"end":{"line":55,"column":3}},"line":19},"2":{"name":"(anonymous_2)","decl":{"start":{"line":20,"column":33},"end":{"line":20,"column":34}},"loc":{"start":{"line":20,"column":45},"end":{"line":54,"column":5}},"line":20}},"branchMap":{"0":{"loc":{"start":{"line":4,"column":2},"end":{"line":6,"column":3}},"type":"if","locations":[{"start":{"line":4,"column":2},"end":{"line":6,"column":3}},{"start":{},"end":{}}],"line":4},"1":{"loc":{"start":{"line":9,"column":2},"end":{"line":15,"column":3}},"type":"if","locations":[{"start":{"line":9,"column":2},"end":{"line":15,"column":3}},{"start":{},"end":{}}],"line":9},"2":{"loc":{"start":{"line":19,"column":36},"end":{"line":19,"column":50}},"type":"default-arg","locations":[{"start":{"line":19,"column":48},"end":{"line":19,"column":50}}],"line":19},"3":{"loc":{"start":{"line":21,"column":6},"end":{"line":27,"column":7}},"type":"if","locations":[{"start":{"line":21,"column":6},"end":{"line":27,"column":7}},{"start":{},"end":{}}],"line":21},"4":{"loc":{"start":{"line":22,"column":29},"end":{"line":24,"column":18}},"type":"cond-expr","locations":[{"start":{"line":23,"column":12},"end":{"line":23,"column":36}},{"start":{"line":24,"column":12},"end":{"line":24,"column":18}}],"line":22},"5":{"loc":{"start":{"line":29,"column":35},"end":{"line":31,"column":16}},"type":"cond-expr","locations":[{"start":{"line":30,"column":10},"end":{"line":30,"column":34}},{"start":{"line":31,"column":10},"end":{"line":31,"column":16}}],"line":29},"6":{"loc":{"start":{"line":34,"column":6},"end":{"line":53,"column":7}},"type":"if","locations":[{"start":{"line":34,"column":6},"end":{"line":53,"column":7}},{"start":{"line":39,"column":13},"end":{"line":53,"column":7}}],"line":34},"7":{"loc":{"start":{"line":40,"column":8},"end":{"line":45,"column":9}},"type":"if","locations":[{"start":{"line":40,"column":8},"end":{"line":45,"column":9}},{"start":{},"end":{}}],"line":40},"8":{"loc":{"start":{"line":47,"column":8},"end":{"line":52,"column":9}},"type":"if","locations":[{"start":{"line":47,"column":8},"end":{"line":52,"column":9}},{"start":{},"end":{}}],"line":47}},"s":{"0":4,"1":11,"2":6,"3":5,"4":5,"5":5,"6":0,"7":5,"8":8,"9":11,"10":3,"11":3,"12":8,"13":8,"14":8,"15":6,"16":2,"17":2,"18":2,"19":2,"20":5,"21":5,"22":4},"f":{"0":11,"1":8,"2":11},"b":{"0":[6,5],"1":[5,0],"2":[5],"3":[3,8],"4":[1,2],"5":[4,4],"6":[6,2],"7":[2,0],"8":[2,0]},"_coverageSchema":"1a1c01bbd47fc00a2c39e90264f33305004495a9","hash":"a80bdb849bc66069b575bbaa20de613438cd8f93"}
}
