{"/home/andrei.makarevich/Instinctools-intership/Stage3/server/src/apiError/apiError.js": {"path":"/home/andrei.makarevich/Instinctools-intership/Stage3/server/src/apiError/apiError.js","statementMap":{"0":{"start":{"line":3,"column":4},"end":{"line":3,"column":12}},"1":{"start":{"line":4,"column":4},"end":{"line":4,"column":21}},"2":{"start":{"line":5,"column":4},"end":{"line":5,"column":27}},"3":{"start":{"line":9,"column":4},"end":{"line":9,"column":38}},"4":{"start":{"line":13,"column":0},"end":{"line":13,"column":26}}},"fnMap":{"0":{"name":"(anonymous_0)","decl":{"start":{"line":2,"column":2},"end":{"line":2,"column":3}},"loc":{"start":{"line":2,"column":29},"end":{"line":6,"column":3}},"line":2},"1":{"name":"(anonymous_1)","decl":{"start":{"line":8,"column":2},"end":{"line":8,"column":3}},"loc":{"start":{"line":8,"column":29},"end":{"line":10,"column":3}},"line":8}},"branchMap":{},"s":{"0":25,"1":25,"2":25,"3":25,"4":3},"f":{"0":25,"1":25},"b":{},"_coverageSchema":"1a1c01bbd47fc00a2c39e90264f33305004495a9","hash":"ccff118bad3488d73bb639c23bb8bedc40ce86e6"}
,"/home/andrei.makarevich/Instinctools-intership/Stage3/server/src/db/index.js": {"path":"/home/andrei.makarevich/Instinctools-intership/Stage3/server/src/db/index.js","statementMap":{"0":{"start":{"line":1,"column":17},"end":{"line":1,"column":36}},"1":{"start":{"line":2,"column":17},"end":{"line":2,"column":48}},"2":{"start":{"line":5,"column":2},"end":{"line":7,"column":5}},"3":{"start":{"line":6,"column":4},"end":{"line":6,"column":44}},"4":{"start":{"line":12,"column":22},"end":{"line":14,"column":6}},"5":{"start":{"line":16,"column":4},"end":{"line":20,"column":5}},"6":{"start":{"line":17,"column":6},"end":{"line":19,"column":8}},"7":{"start":{"line":22,"column":29},"end":{"line":22,"column":31}},"8":{"start":{"line":23,"column":2},"end":{"line":36,"column":3}},"9":{"start":{"line":24,"column":4},"end":{"line":26,"column":5}},"10":{"start":{"line":25,"column":6},"end":{"line":25,"column":15}},"11":{"start":{"line":28,"column":4},"end":{"line":33,"column":5}},"12":{"start":{"line":29,"column":6},"end":{"line":31,"column":7}},"13":{"start":{"line":30,"column":8},"end":{"line":30,"column":65}},"14":{"start":{"line":32,"column":6},"end":{"line":32,"column":15}},"15":{"start":{"line":35,"column":4},"end":{"line":35,"column":63}},"16":{"start":{"line":37,"column":2},"end":{"line":37,"column":40}},"17":{"start":{"line":43,"column":20},"end":{"line":43,"column":41}},"18":{"start":{"line":45,"column":2},"end":{"line":51,"column":4}},"19":{"start":{"line":46,"column":4},"end":{"line":48,"column":5}},"20":{"start":{"line":47,"column":6},"end":{"line":47,"column":77}},"21":{"start":{"line":50,"column":4},"end":{"line":50,"column":44}},"22":{"start":{"line":55,"column":20},"end":{"line":55,"column":44}},"23":{"start":{"line":57,"column":2},"end":{"line":68,"column":4}},"24":{"start":{"line":63,"column":4},"end":{"line":65,"column":5}},"25":{"start":{"line":64,"column":6},"end":{"line":64,"column":79}},"26":{"start":{"line":67,"column":4},"end":{"line":67,"column":44}},"27":{"start":{"line":71,"column":0},"end":{"line":71,"column":24}},"28":{"start":{"line":73,"column":0},"end":{"line":73,"column":64}}},"fnMap":{"0":{"name":"connectToTheMongoDB","decl":{"start":{"line":4,"column":9},"end":{"line":4,"column":28}},"loc":{"start":{"line":4,"column":31},"end":{"line":8,"column":1}},"line":4},"1":{"name":"(anonymous_1)","decl":{"start":{"line":5,"column":70},"end":{"line":5,"column":71}},"loc":{"start":{"line":5,"column":76},"end":{"line":7,"column":3}},"line":5},"2":{"name":"checkForTheDuplication","decl":{"start":{"line":10,"column":15},"end":{"line":10,"column":37}},"loc":{"start":{"line":10,"column":70},"end":{"line":38,"column":1}},"line":10},"3":{"name":"findDuplicate","decl":{"start":{"line":11,"column":17},"end":{"line":11,"column":30}},"loc":{"start":{"line":11,"column":55},"end":{"line":21,"column":3}},"line":11},"4":{"name":"expandMongooseMethods","decl":{"start":{"line":40,"column":9},"end":{"line":40,"column":30}},"loc":{"start":{"line":40,"column":33},"end":{"line":69,"column":1}},"line":40},"5":{"name":"(anonymous_5)","decl":{"start":{"line":45,"column":26},"end":{"line":45,"column":27}},"loc":{"start":{"line":45,"column":67},"end":{"line":51,"column":3}},"line":45},"6":{"name":"(anonymous_6)","decl":{"start":{"line":57,"column":29},"end":{"line":57,"column":30}},"loc":{"start":{"line":62,"column":4},"end":{"line":68,"column":3}},"line":62}},"branchMap":{"0":{"loc":{"start":{"line":16,"column":4},"end":{"line":20,"column":5}},"type":"if","locations":[{"start":{"line":16,"column":4},"end":{"line":20,"column":5}},{"start":{},"end":{}}],"line":16},"1":{"loc":{"start":{"line":24,"column":4},"end":{"line":26,"column":5}},"type":"if","locations":[{"start":{"line":24,"column":4},"end":{"line":26,"column":5}},{"start":{},"end":{}}],"line":24},"2":{"loc":{"start":{"line":28,"column":4},"end":{"line":33,"column":5}},"type":"if","locations":[{"start":{"line":28,"column":4},"end":{"line":33,"column":5}},{"start":{},"end":{}}],"line":28},"3":{"loc":{"start":{"line":46,"column":4},"end":{"line":48,"column":5}},"type":"if","locations":[{"start":{"line":46,"column":4},"end":{"line":48,"column":5}},{"start":{},"end":{}}],"line":46},"4":{"loc":{"start":{"line":46,"column":8},"end":{"line":46,"column":47}},"type":"binary-expr","locations":[{"start":{"line":46,"column":8},"end":{"line":46,"column":15}},{"start":{"line":46,"column":19},"end":{"line":46,"column":47}}],"line":46},"5":{"loc":{"start":{"line":63,"column":4},"end":{"line":65,"column":5}},"type":"if","locations":[{"start":{"line":63,"column":4},"end":{"line":65,"column":5}},{"start":{},"end":{}}],"line":63},"6":{"loc":{"start":{"line":63,"column":8},"end":{"line":63,"column":47}},"type":"binary-expr","locations":[{"start":{"line":63,"column":8},"end":{"line":63,"column":15}},{"start":{"line":63,"column":19},"end":{"line":63,"column":47}}],"line":63}},"s":{"0":3,"1":3,"2":0,"3":0,"4":142,"5":142,"6":7,"7":90,"8":90,"9":190,"10":48,"11":142,"12":131,"13":131,"14":131,"15":11,"16":90,"17":5,"18":5,"19":90,"20":83,"21":87,"22":5,"23":5,"24":7,"25":7,"26":4,"27":3,"28":3},"f":{"0":0,"1":0,"2":90,"3":142,"4":5,"5":90,"6":7},"b":{"0":[7,135],"1":[48,142],"2":[131,11],"3":[83,7],"4":[90,83],"5":[7,0],"6":[7,7]},"_coverageSchema":"1a1c01bbd47fc00a2c39e90264f33305004495a9","hash":"8dab301345f86119e7466bc8c70ca00970e3f349"}
,"/home/andrei.makarevich/Instinctools-intership/Stage3/server/src/db/testDb.js": {"path":"/home/andrei.makarevich/Instinctools-intership/Stage3/server/src/db/testDb.js","statementMap":{"0":{"start":{"line":1,"column":17},"end":{"line":1,"column":36}},"1":{"start":{"line":2,"column":30},"end":{"line":2,"column":62}},"2":{"start":{"line":5,"column":17},"end":{"line":5,"column":49}},"3":{"start":{"line":8,"column":21},"end":{"line":8,"column":36}},"4":{"start":{"line":9,"column":4},"end":{"line":9,"column":37}},"5":{"start":{"line":13,"column":4},"end":{"line":13,"column":45}},"6":{"start":{"line":14,"column":4},"end":{"line":14,"column":38}},"7":{"start":{"line":16,"column":4},"end":{"line":16,"column":24}},"8":{"start":{"line":20,"column":24},"end":{"line":20,"column":61}},"9":{"start":{"line":21,"column":30},"end":{"line":21,"column":32}},"10":{"start":{"line":23,"column":4},"end":{"line":25,"column":7}},"11":{"start":{"line":24,"column":6},"end":{"line":24,"column":70}},"12":{"start":{"line":27,"column":4},"end":{"line":27,"column":41}},"13":{"start":{"line":35,"column":2},"end":{"line":40,"column":4}},"14":{"start":{"line":43,"column":0},"end":{"line":43,"column":38}}},"fnMap":{"0":{"name":"GetMongoMemoryServer","decl":{"start":{"line":4,"column":15},"end":{"line":4,"column":35}},"loc":{"start":{"line":4,"column":38},"end":{"line":41,"column":1}},"line":4},"1":{"name":"connect","decl":{"start":{"line":7,"column":17},"end":{"line":7,"column":24}},"loc":{"start":{"line":7,"column":27},"end":{"line":10,"column":3}},"line":7},"2":{"name":"disconnect","decl":{"start":{"line":12,"column":17},"end":{"line":12,"column":27}},"loc":{"start":{"line":12,"column":30},"end":{"line":17,"column":3}},"line":12},"3":{"name":"cleanDataBase","decl":{"start":{"line":19,"column":17},"end":{"line":19,"column":30}},"loc":{"start":{"line":19,"column":33},"end":{"line":33,"column":3}},"line":19},"4":{"name":"(anonymous_4)","decl":{"start":{"line":23,"column":37},"end":{"line":23,"column":38}},"loc":{"start":{"line":23,"column":56},"end":{"line":25,"column":5}},"line":23}},"branchMap":{},"s":{"0":3,"1":3,"2":3,"3":3,"4":3,"5":3,"6":3,"7":3,"8":44,"9":44,"10":44,"11":132,"12":44,"13":3,"14":3},"f":{"0":3,"1":3,"2":3,"3":44,"4":132},"b":{},"_coverageSchema":"1a1c01bbd47fc00a2c39e90264f33305004495a9","hash":"84a08a2802fa1f5e07287151dcc3918fe428eb01"}
,"/home/andrei.makarevich/Instinctools-intership/Stage3/server/src/models/models.js": {"path":"/home/andrei.makarevich/Instinctools-intership/Stage3/server/src/models/models.js","statementMap":{"0":{"start":{"line":1,"column":26},"end":{"line":1,"column":45}},"1":{"start":{"line":3,"column":19},"end":{"line":37,"column":2}},"2":{"start":{"line":39,"column":20},"end":{"line":56,"column":2}},"3":{"start":{"line":58,"column":26},"end":{"line":68,"column":2}},"4":{"start":{"line":70,"column":18},"end":{"line":70,"column":43}},"5":{"start":{"line":71,"column":19},"end":{"line":71,"column":46}},"6":{"start":{"line":72,"column":25},"end":{"line":72,"column":64}},"7":{"start":{"line":74,"column":0},"end":{"line":78,"column":2}}},"fnMap":{},"branchMap":{},"s":{"0":3,"1":3,"2":3,"3":3,"4":3,"5":3,"6":3,"7":3},"f":{},"b":{},"_coverageSchema":"1a1c01bbd47fc00a2c39e90264f33305004495a9","hash":"09cd2569c6e1d1a517821c9c1477409e2a23a52c"}
,"/home/andrei.makarevich/Instinctools-intership/Stage3/server/src/service/consts.mock.js": {"path":"/home/andrei.makarevich/Instinctools-intership/Stage3/server/src/service/consts.mock.js","statementMap":{"0":{"start":{"line":1,"column":23},"end":{"line":6,"column":1}},"1":{"start":{"line":8,"column":28},"end":{"line":13,"column":1}},"2":{"start":{"line":15,"column":25},"end":{"line":20,"column":1}},"3":{"start":{"line":22,"column":24},"end":{"line":25,"column":1}},"4":{"start":{"line":27,"column":29},"end":{"line":30,"column":1}},"5":{"start":{"line":32,"column":26},"end":{"line":35,"column":1}},"6":{"start":{"line":37,"column":0},"end":{"line":44,"column":2}}},"fnMap":{},"branchMap":{},"s":{"0":3,"1":3,"2":3,"3":3,"4":3,"5":3,"6":3},"f":{},"b":{},"_coverageSchema":"1a1c01bbd47fc00a2c39e90264f33305004495a9","hash":"5ad9647ab37d19c93932bdfa457bd745850e989b"}
,"/home/andrei.makarevich/Instinctools-intership/Stage3/server/src/service/groupService.js": {"path":"/home/andrei.makarevich/Instinctools-intership/Stage3/server/src/service/groupService.js","statementMap":{"0":{"start":{"line":1,"column":17},"end":{"line":1,"column":48}},"1":{"start":{"line":2,"column":23},"end":{"line":2,"column":50}},"2":{"start":{"line":3,"column":31},"end":{"line":3,"column":73}},"3":{"start":{"line":7,"column":4},"end":{"line":9,"column":5}},"4":{"start":{"line":8,"column":6},"end":{"line":8,"column":18}},"5":{"start":{"line":11,"column":18},"end":{"line":13,"column":6}},"6":{"start":{"line":15,"column":4},"end":{"line":15,"column":17}},"7":{"start":{"line":19,"column":17},"end":{"line":19,"column":37}},"8":{"start":{"line":20,"column":18},"end":{"line":20,"column":39}},"9":{"start":{"line":22,"column":24},"end":{"line":22,"column":57}},"10":{"start":{"line":23,"column":24},"end":{"line":23,"column":59}},"11":{"start":{"line":24,"column":23},"end":{"line":26,"column":19}},"12":{"start":{"line":28,"column":4},"end":{"line":28,"column":52}},"13":{"start":{"line":32,"column":4},"end":{"line":36,"column":5}},"14":{"start":{"line":33,"column":6},"end":{"line":35,"column":7}},"15":{"start":{"line":34,"column":8},"end":{"line":34,"column":76}},"16":{"start":{"line":38,"column":18},"end":{"line":46,"column":5}},"17":{"start":{"line":48,"column":4},"end":{"line":48,"column":73}},"18":{"start":{"line":52,"column":24},"end":{"line":54,"column":6}},"19":{"start":{"line":53,"column":6},"end":{"line":53,"column":56}},"20":{"start":{"line":56,"column":4},"end":{"line":58,"column":5}},"21":{"start":{"line":57,"column":6},"end":{"line":57,"column":72}},"22":{"start":{"line":60,"column":4},"end":{"line":64,"column":6}},"23":{"start":{"line":66,"column":4},"end":{"line":66,"column":53}},"24":{"start":{"line":70,"column":26},"end":{"line":72,"column":6}},"25":{"start":{"line":71,"column":6},"end":{"line":71,"column":56}},"26":{"start":{"line":74,"column":4},"end":{"line":76,"column":5}},"27":{"start":{"line":75,"column":6},"end":{"line":75,"column":74}},"28":{"start":{"line":78,"column":25},"end":{"line":78,"column":72}},"29":{"start":{"line":80,"column":4},"end":{"line":80,"column":73}},"30":{"start":{"line":84,"column":0},"end":{"line":84,"column":30}}},"fnMap":{"0":{"name":"(anonymous_0)","decl":{"start":{"line":6,"column":2},"end":{"line":6,"column":3}},"loc":{"start":{"line":6,"column":47},"end":{"line":16,"column":3}},"line":6},"1":{"name":"(anonymous_1)","decl":{"start":{"line":18,"column":2},"end":{"line":18,"column":3}},"loc":{"start":{"line":18,"column":55},"end":{"line":29,"column":3}},"line":18},"2":{"name":"(anonymous_2)","decl":{"start":{"line":31,"column":2},"end":{"line":31,"column":3}},"loc":{"start":{"line":31,"column":50},"end":{"line":49,"column":3}},"line":31},"3":{"name":"(anonymous_3)","decl":{"start":{"line":51,"column":2},"end":{"line":51,"column":3}},"loc":{"start":{"line":51,"column":57},"end":{"line":67,"column":3}},"line":51},"4":{"name":"(anonymous_4)","decl":{"start":{"line":52,"column":65},"end":{"line":52,"column":66}},"loc":{"start":{"line":52,"column":71},"end":{"line":54,"column":5}},"line":52},"5":{"name":"(anonymous_5)","decl":{"start":{"line":69,"column":2},"end":{"line":69,"column":3}},"loc":{"start":{"line":69,"column":36},"end":{"line":81,"column":3}},"line":69},"6":{"name":"(anonymous_6)","decl":{"start":{"line":70,"column":67},"end":{"line":70,"column":68}},"loc":{"start":{"line":70,"column":73},"end":{"line":72,"column":5}},"line":70}},"branchMap":{"0":{"loc":{"start":{"line":7,"column":4},"end":{"line":9,"column":5}},"type":"if","locations":[{"start":{"line":7,"column":4},"end":{"line":9,"column":5}},{"start":{},"end":{}}],"line":7},"1":{"loc":{"start":{"line":7,"column":8},"end":{"line":7,"column":77}},"type":"binary-expr","locations":[{"start":{"line":7,"column":8},"end":{"line":7,"column":54}},{"start":{"line":7,"column":58},"end":{"line":7,"column":77}}],"line":7},"2":{"loc":{"start":{"line":19,"column":17},"end":{"line":19,"column":37}},"type":"binary-expr","locations":[{"start":{"line":19,"column":17},"end":{"line":19,"column":32}},{"start":{"line":19,"column":36},"end":{"line":19,"column":37}}],"line":19},"3":{"loc":{"start":{"line":20,"column":18},"end":{"line":20,"column":39}},"type":"binary-expr","locations":[{"start":{"line":20,"column":18},"end":{"line":20,"column":34}},{"start":{"line":20,"column":38},"end":{"line":20,"column":39}}],"line":20},"4":{"loc":{"start":{"line":33,"column":6},"end":{"line":35,"column":7}},"type":"if","locations":[{"start":{"line":33,"column":6},"end":{"line":35,"column":7}},{"start":{},"end":{}}],"line":33},"5":{"loc":{"start":{"line":56,"column":4},"end":{"line":58,"column":5}},"type":"if","locations":[{"start":{"line":56,"column":4},"end":{"line":58,"column":5}},{"start":{},"end":{}}],"line":56},"6":{"loc":{"start":{"line":74,"column":4},"end":{"line":76,"column":5}},"type":"if","locations":[{"start":{"line":74,"column":4},"end":{"line":76,"column":5}},{"start":{},"end":{}}],"line":74}},"s":{"0":2,"1":2,"2":2,"3":4,"4":0,"5":4,"6":4,"7":2,"8":2,"9":2,"10":2,"11":2,"12":2,"13":23,"14":46,"15":0,"16":23,"17":21,"18":4,"19":1,"20":3,"21":1,"22":2,"23":1,"24":3,"25":1,"26":2,"27":1,"28":1,"29":1,"30":2},"f":{"0":4,"1":2,"2":23,"3":4,"4":1,"5":3,"6":1},"b":{"0":[0,4],"1":[4,2],"2":[2,1],"3":[2,1],"4":[0,46],"5":[1,2],"6":[1,1]},"_coverageSchema":"1a1c01bbd47fc00a2c39e90264f33305004495a9","hash":"01bc829884085f68301f0fb06914e41e577603af"}
,"/home/andrei.makarevich/Instinctools-intership/Stage3/server/src/service/userGroupService.js": {"path":"/home/andrei.makarevich/Instinctools-intership/Stage3/server/src/service/userGroupService.js","statementMap":{"0":{"start":{"line":1,"column":17},"end":{"line":1,"column":48}},"1":{"start":{"line":2,"column":52},"end":{"line":2,"column":79}},"2":{"start":{"line":3,"column":31},"end":{"line":3,"column":73}},"3":{"start":{"line":6,"column":15},"end":{"line":8,"column":4}},"4":{"start":{"line":7,"column":4},"end":{"line":7,"column":53}},"5":{"start":{"line":10,"column":2},"end":{"line":12,"column":3}},"6":{"start":{"line":11,"column":4},"end":{"line":11,"column":48}},"7":{"start":{"line":14,"column":2},"end":{"line":14,"column":14}},"8":{"start":{"line":18,"column":16},"end":{"line":20,"column":4}},"9":{"start":{"line":19,"column":4},"end":{"line":19,"column":54}},"10":{"start":{"line":22,"column":2},"end":{"line":24,"column":3}},"11":{"start":{"line":23,"column":4},"end":{"line":23,"column":49}},"12":{"start":{"line":26,"column":2},"end":{"line":26,"column":15}},"13":{"start":{"line":35,"column":15},"end":{"line":35,"column":56}},"14":{"start":{"line":36,"column":16},"end":{"line":36,"column":60}},"15":{"start":{"line":38,"column":2},"end":{"line":38,"column":25}},"16":{"start":{"line":43,"column":28},"end":{"line":43,"column":76}},"17":{"start":{"line":45,"column":4},"end":{"line":45,"column":27}},"18":{"start":{"line":49,"column":4},"end":{"line":49,"column":64}},"19":{"start":{"line":51,"column":32},"end":{"line":53,"column":6}},"20":{"start":{"line":55,"column":28},"end":{"line":55,"column":64}},"21":{"start":{"line":56,"column":22},"end":{"line":56,"column":40}},"22":{"start":{"line":59,"column":4},"end":{"line":61,"column":6}},"23":{"start":{"line":60,"column":6},"end":{"line":60,"column":32}},"24":{"start":{"line":63,"column":23},"end":{"line":68,"column":24}},"25":{"start":{"line":70,"column":28},"end":{"line":73,"column":6}},"26":{"start":{"line":75,"column":4},"end":{"line":75,"column":56}},"27":{"start":{"line":79,"column":4},"end":{"line":79,"column":67}},"28":{"start":{"line":81,"column":31},"end":{"line":83,"column":6}},"29":{"start":{"line":85,"column":4},"end":{"line":87,"column":5}},"30":{"start":{"line":86,"column":6},"end":{"line":86,"column":16}},"31":{"start":{"line":89,"column":31},"end":{"line":89,"column":67}},"32":{"start":{"line":90,"column":22},"end":{"line":90,"column":40}},"33":{"start":{"line":92,"column":4},"end":{"line":94,"column":6}},"34":{"start":{"line":93,"column":6},"end":{"line":93,"column":31}},"35":{"start":{"line":96,"column":18},"end":{"line":101,"column":24}},"36":{"start":{"line":103,"column":23},"end":{"line":106,"column":6}},"37":{"start":{"line":108,"column":4},"end":{"line":108,"column":46}},"38":{"start":{"line":112,"column":4},"end":{"line":112,"column":67}},"39":{"start":{"line":114,"column":31},"end":{"line":116,"column":6}},"40":{"start":{"line":118,"column":4},"end":{"line":121,"column":5}},"41":{"start":{"line":119,"column":23},"end":{"line":119,"column":39}},"42":{"start":{"line":120,"column":6},"end":{"line":120,"column":22}},"43":{"start":{"line":123,"column":28},"end":{"line":123,"column":64}},"44":{"start":{"line":124,"column":22},"end":{"line":124,"column":40}},"45":{"start":{"line":126,"column":4},"end":{"line":128,"column":6}},"46":{"start":{"line":127,"column":22},"end":{"line":127,"column":39}},"47":{"start":{"line":129,"column":23},"end":{"line":134,"column":24}},"48":{"start":{"line":136,"column":28},"end":{"line":139,"column":6}},"49":{"start":{"line":141,"column":4},"end":{"line":141,"column":56}},"50":{"start":{"line":150,"column":4},"end":{"line":150,"column":64}},"51":{"start":{"line":152,"column":33},"end":{"line":154,"column":6}},"52":{"start":{"line":156,"column":4},"end":{"line":159,"column":5}},"53":{"start":{"line":157,"column":24},"end":{"line":157,"column":41}},"54":{"start":{"line":158,"column":6},"end":{"line":158,"column":23}},"55":{"start":{"line":161,"column":26},"end":{"line":163,"column":5}},"56":{"start":{"line":162,"column":22},"end":{"line":162,"column":40}},"57":{"start":{"line":165,"column":28},"end":{"line":165,"column":64}},"58":{"start":{"line":166,"column":22},"end":{"line":166,"column":40}},"59":{"start":{"line":168,"column":19},"end":{"line":173,"column":24}},"60":{"start":{"line":175,"column":24},"end":{"line":178,"column":6}},"61":{"start":{"line":180,"column":4},"end":{"line":180,"column":48}},"62":{"start":{"line":184,"column":25},"end":{"line":189,"column":5}},"63":{"start":{"line":191,"column":32},"end":{"line":194,"column":6}},"64":{"start":{"line":196,"column":4},"end":{"line":198,"column":5}},"65":{"start":{"line":197,"column":6},"end":{"line":197,"column":64}},"66":{"start":{"line":200,"column":4},"end":{"line":203,"column":7}},"67":{"start":{"line":205,"column":4},"end":{"line":207,"column":6}},"68":{"start":{"line":211,"column":25},"end":{"line":216,"column":5}},"69":{"start":{"line":218,"column":32},"end":{"line":221,"column":6}},"70":{"start":{"line":223,"column":4},"end":{"line":227,"column":5}},"71":{"start":{"line":224,"column":6},"end":{"line":226,"column":8}},"72":{"start":{"line":229,"column":4},"end":{"line":229,"column":65}},"73":{"start":{"line":231,"column":4},"end":{"line":233,"column":6}},"74":{"start":{"line":237,"column":0},"end":{"line":237,"column":34}}},"fnMap":{"0":{"name":"checkUser","decl":{"start":{"line":5,"column":15},"end":{"line":5,"column":24}},"loc":{"start":{"line":5,"column":51},"end":{"line":15,"column":1}},"line":5},"1":{"name":"(anonymous_1)","decl":{"start":{"line":6,"column":54},"end":{"line":6,"column":55}},"loc":{"start":{"line":6,"column":60},"end":{"line":8,"column":3}},"line":6},"2":{"name":"checkGroup","decl":{"start":{"line":17,"column":15},"end":{"line":17,"column":25}},"loc":{"start":{"line":17,"column":54},"end":{"line":27,"column":1}},"line":17},"3":{"name":"(anonymous_3)","decl":{"start":{"line":18,"column":57},"end":{"line":18,"column":58}},"loc":{"start":{"line":18,"column":63},"end":{"line":20,"column":3}},"line":18},"4":{"name":"checkUserAndGroup","decl":{"start":{"line":29,"column":15},"end":{"line":29,"column":32}},"loc":{"start":{"line":34,"column":2},"end":{"line":39,"column":1}},"line":34},"5":{"name":"(anonymous_5)","decl":{"start":{"line":42,"column":2},"end":{"line":42,"column":3}},"loc":{"start":{"line":42,"column":55},"end":{"line":46,"column":3}},"line":42},"6":{"name":"(anonymous_6)","decl":{"start":{"line":48,"column":2},"end":{"line":48,"column":3}},"loc":{"start":{"line":48,"column":65},"end":{"line":76,"column":3}},"line":48},"7":{"name":"(anonymous_7)","decl":{"start":{"line":59,"column":54},"end":{"line":59,"column":55}},"loc":{"start":{"line":60,"column":6},"end":{"line":60,"column":32}},"line":60},"8":{"name":"(anonymous_8)","decl":{"start":{"line":78,"column":2},"end":{"line":78,"column":3}},"loc":{"start":{"line":78,"column":65},"end":{"line":109,"column":3}},"line":78},"9":{"name":"(anonymous_9)","decl":{"start":{"line":92,"column":52},"end":{"line":92,"column":53}},"loc":{"start":{"line":93,"column":6},"end":{"line":93,"column":31}},"line":93},"10":{"name":"(anonymous_10)","decl":{"start":{"line":111,"column":2},"end":{"line":111,"column":3}},"loc":{"start":{"line":111,"column":70},"end":{"line":142,"column":3}},"line":111},"11":{"name":"(anonymous_11)","decl":{"start":{"line":127,"column":6},"end":{"line":127,"column":7}},"loc":{"start":{"line":127,"column":22},"end":{"line":127,"column":39}},"line":127},"12":{"name":"(anonymous_12)","decl":{"start":{"line":144,"column":2},"end":{"line":144,"column":3}},"loc":{"start":{"line":149,"column":4},"end":{"line":181,"column":3}},"line":149},"13":{"name":"(anonymous_13)","decl":{"start":{"line":162,"column":6},"end":{"line":162,"column":7}},"loc":{"start":{"line":162,"column":22},"end":{"line":162,"column":40}},"line":162},"14":{"name":"(anonymous_14)","decl":{"start":{"line":183,"column":2},"end":{"line":183,"column":3}},"loc":{"start":{"line":183,"column":47},"end":{"line":208,"column":3}},"line":183},"15":{"name":"(anonymous_15)","decl":{"start":{"line":210,"column":2},"end":{"line":210,"column":3}},"loc":{"start":{"line":210,"column":52},"end":{"line":234,"column":3}},"line":210}},"branchMap":{"0":{"loc":{"start":{"line":10,"column":2},"end":{"line":12,"column":3}},"type":"if","locations":[{"start":{"line":10,"column":2},"end":{"line":12,"column":3}},{"start":{},"end":{}}],"line":10},"1":{"loc":{"start":{"line":22,"column":2},"end":{"line":24,"column":3}},"type":"if","locations":[{"start":{"line":22,"column":2},"end":{"line":24,"column":3}},{"start":{},"end":{}}],"line":22},"2":{"loc":{"start":{"line":67,"column":12},"end":{"line":67,"column":26}},"type":"binary-expr","locations":[{"start":{"line":67,"column":12},"end":{"line":67,"column":21}},{"start":{"line":67,"column":25},"end":{"line":67,"column":26}}],"line":67},"3":{"loc":{"start":{"line":68,"column":13},"end":{"line":68,"column":23}},"type":"binary-expr","locations":[{"start":{"line":68,"column":13},"end":{"line":68,"column":18}},{"start":{"line":68,"column":22},"end":{"line":68,"column":23}}],"line":68},"4":{"loc":{"start":{"line":85,"column":4},"end":{"line":87,"column":5}},"type":"if","locations":[{"start":{"line":85,"column":4},"end":{"line":87,"column":5}},{"start":{},"end":{}}],"line":85},"5":{"loc":{"start":{"line":100,"column":12},"end":{"line":100,"column":26}},"type":"binary-expr","locations":[{"start":{"line":100,"column":12},"end":{"line":100,"column":21}},{"start":{"line":100,"column":25},"end":{"line":100,"column":26}}],"line":100},"6":{"loc":{"start":{"line":101,"column":13},"end":{"line":101,"column":23}},"type":"binary-expr","locations":[{"start":{"line":101,"column":13},"end":{"line":101,"column":18}},{"start":{"line":101,"column":22},"end":{"line":101,"column":23}}],"line":101},"7":{"loc":{"start":{"line":118,"column":4},"end":{"line":121,"column":5}},"type":"if","locations":[{"start":{"line":118,"column":4},"end":{"line":121,"column":5}},{"start":{},"end":{}}],"line":118},"8":{"loc":{"start":{"line":133,"column":12},"end":{"line":133,"column":26}},"type":"binary-expr","locations":[{"start":{"line":133,"column":12},"end":{"line":133,"column":21}},{"start":{"line":133,"column":25},"end":{"line":133,"column":26}}],"line":133},"9":{"loc":{"start":{"line":134,"column":13},"end":{"line":134,"column":23}},"type":"binary-expr","locations":[{"start":{"line":134,"column":13},"end":{"line":134,"column":18}},{"start":{"line":134,"column":22},"end":{"line":134,"column":23}}],"line":134},"10":{"loc":{"start":{"line":156,"column":4},"end":{"line":159,"column":5}},"type":"if","locations":[{"start":{"line":156,"column":4},"end":{"line":159,"column":5}},{"start":{},"end":{}}],"line":156},"11":{"loc":{"start":{"line":172,"column":12},"end":{"line":172,"column":26}},"type":"binary-expr","locations":[{"start":{"line":172,"column":12},"end":{"line":172,"column":21}},{"start":{"line":172,"column":25},"end":{"line":172,"column":26}}],"line":172},"12":{"loc":{"start":{"line":173,"column":13},"end":{"line":173,"column":23}},"type":"binary-expr","locations":[{"start":{"line":173,"column":13},"end":{"line":173,"column":18}},{"start":{"line":173,"column":22},"end":{"line":173,"column":23}}],"line":173},"13":{"loc":{"start":{"line":196,"column":4},"end":{"line":198,"column":5}},"type":"if","locations":[{"start":{"line":196,"column":4},"end":{"line":198,"column":5}},{"start":{},"end":{}}],"line":196},"14":{"loc":{"start":{"line":223,"column":4},"end":{"line":227,"column":5}},"type":"if","locations":[{"start":{"line":223,"column":4},"end":{"line":227,"column":5}},{"start":{},"end":{}}],"line":223}},"s":{"0":1,"1":1,"2":1,"3":18,"4":1,"5":17,"6":3,"7":14,"8":15,"9":1,"10":14,"11":3,"12":11,"13":16,"14":13,"15":10,"16":1,"17":1,"18":2,"19":1,"20":1,"21":1,"22":1,"23":2,"24":1,"25":1,"26":1,"27":2,"28":1,"29":1,"30":0,"31":1,"32":1,"33":1,"34":2,"35":1,"36":1,"37":1,"38":0,"39":0,"40":0,"41":0,"42":0,"43":0,"44":0,"45":0,"46":0,"47":0,"48":0,"49":0,"50":0,"51":0,"52":0,"53":0,"54":0,"55":0,"56":0,"57":0,"58":0,"59":0,"60":0,"61":0,"62":12,"63":8,"64":8,"65":1,"66":7,"67":7,"68":4,"69":2,"70":2,"71":1,"72":1,"73":1,"74":1},"f":{"0":18,"1":1,"2":15,"3":1,"4":16,"5":1,"6":2,"7":2,"8":2,"9":2,"10":0,"11":0,"12":0,"13":0,"14":12,"15":4},"b":{"0":[3,14],"1":[3,11],"2":[1,1],"3":[1,0],"4":[0,1],"5":[1,1],"6":[1,0],"7":[0,0],"8":[0,0],"9":[0,0],"10":[0,0],"11":[0,0],"12":[0,0],"13":[1,7],"14":[1,1]},"_coverageSchema":"1a1c01bbd47fc00a2c39e90264f33305004495a9","hash":"89946bfb81fb697ff68f7185e8f1a23db03cc41f"}
,"/home/andrei.makarevich/Instinctools-intership/Stage3/server/src/service/userService.js": {"path":"/home/andrei.makarevich/Instinctools-intership/Stage3/server/src/service/userService.js","statementMap":{"0":{"start":{"line":1,"column":17},"end":{"line":1,"column":48}},"1":{"start":{"line":2,"column":22},"end":{"line":2,"column":49}},"2":{"start":{"line":3,"column":31},"end":{"line":3,"column":73}},"3":{"start":{"line":7,"column":4},"end":{"line":9,"column":5}},"4":{"start":{"line":8,"column":6},"end":{"line":8,"column":18}},"5":{"start":{"line":11,"column":17},"end":{"line":13,"column":6}},"6":{"start":{"line":15,"column":4},"end":{"line":15,"column":16}},"7":{"start":{"line":19,"column":17},"end":{"line":19,"column":37}},"8":{"start":{"line":20,"column":18},"end":{"line":20,"column":39}},"9":{"start":{"line":22,"column":24},"end":{"line":22,"column":57}},"10":{"start":{"line":23,"column":23},"end":{"line":23,"column":57}},"11":{"start":{"line":24,"column":22},"end":{"line":26,"column":19}},"12":{"start":{"line":28,"column":4},"end":{"line":28,"column":50}},"13":{"start":{"line":32,"column":4},"end":{"line":36,"column":5}},"14":{"start":{"line":33,"column":6},"end":{"line":35,"column":7}},"15":{"start":{"line":34,"column":8},"end":{"line":34,"column":75}},"16":{"start":{"line":38,"column":17},"end":{"line":48,"column":5}},"17":{"start":{"line":50,"column":4},"end":{"line":50,"column":58}},"18":{"start":{"line":54,"column":23},"end":{"line":56,"column":6}},"19":{"start":{"line":55,"column":6},"end":{"line":55,"column":55}},"20":{"start":{"line":58,"column":4},"end":{"line":60,"column":5}},"21":{"start":{"line":59,"column":6},"end":{"line":59,"column":71}},"22":{"start":{"line":62,"column":4},"end":{"line":71,"column":6}},"23":{"start":{"line":73,"column":4},"end":{"line":73,"column":52}},"24":{"start":{"line":77,"column":25},"end":{"line":79,"column":6}},"25":{"start":{"line":78,"column":6},"end":{"line":78,"column":55}},"26":{"start":{"line":81,"column":4},"end":{"line":83,"column":5}},"27":{"start":{"line":82,"column":6},"end":{"line":82,"column":73}},"28":{"start":{"line":84,"column":17},"end":{"line":84,"column":62}},"29":{"start":{"line":86,"column":4},"end":{"line":86,"column":58}},"30":{"start":{"line":90,"column":0},"end":{"line":90,"column":29}}},"fnMap":{"0":{"name":"(anonymous_0)","decl":{"start":{"line":6,"column":2},"end":{"line":6,"column":3}},"loc":{"start":{"line":6,"column":46},"end":{"line":16,"column":3}},"line":6},"1":{"name":"(anonymous_1)","decl":{"start":{"line":18,"column":2},"end":{"line":18,"column":3}},"loc":{"start":{"line":18,"column":54},"end":{"line":29,"column":3}},"line":18},"2":{"name":"(anonymous_2)","decl":{"start":{"line":31,"column":2},"end":{"line":31,"column":3}},"loc":{"start":{"line":31,"column":64},"end":{"line":51,"column":3}},"line":31},"3":{"name":"(anonymous_3)","decl":{"start":{"line":53,"column":2},"end":{"line":53,"column":3}},"loc":{"start":{"line":53,"column":70},"end":{"line":74,"column":3}},"line":53},"4":{"name":"(anonymous_4)","decl":{"start":{"line":54,"column":62},"end":{"line":54,"column":63}},"loc":{"start":{"line":54,"column":68},"end":{"line":56,"column":5}},"line":54},"5":{"name":"(anonymous_5)","decl":{"start":{"line":76,"column":2},"end":{"line":76,"column":3}},"loc":{"start":{"line":76,"column":34},"end":{"line":87,"column":3}},"line":76},"6":{"name":"(anonymous_6)","decl":{"start":{"line":77,"column":64},"end":{"line":77,"column":65}},"loc":{"start":{"line":77,"column":70},"end":{"line":79,"column":5}},"line":77}},"branchMap":{"0":{"loc":{"start":{"line":7,"column":4},"end":{"line":9,"column":5}},"type":"if","locations":[{"start":{"line":7,"column":4},"end":{"line":9,"column":5}},{"start":{},"end":{}}],"line":7},"1":{"loc":{"start":{"line":7,"column":8},"end":{"line":7,"column":76}},"type":"binary-expr","locations":[{"start":{"line":7,"column":8},"end":{"line":7,"column":53}},{"start":{"line":7,"column":57},"end":{"line":7,"column":76}}],"line":7},"2":{"loc":{"start":{"line":19,"column":17},"end":{"line":19,"column":37}},"type":"binary-expr","locations":[{"start":{"line":19,"column":17},"end":{"line":19,"column":32}},{"start":{"line":19,"column":36},"end":{"line":19,"column":37}}],"line":19},"3":{"loc":{"start":{"line":20,"column":18},"end":{"line":20,"column":39}},"type":"binary-expr","locations":[{"start":{"line":20,"column":18},"end":{"line":20,"column":34}},{"start":{"line":20,"column":38},"end":{"line":20,"column":39}}],"line":20},"4":{"loc":{"start":{"line":33,"column":6},"end":{"line":35,"column":7}},"type":"if","locations":[{"start":{"line":33,"column":6},"end":{"line":35,"column":7}},{"start":{},"end":{}}],"line":33},"5":{"loc":{"start":{"line":58,"column":4},"end":{"line":60,"column":5}},"type":"if","locations":[{"start":{"line":58,"column":4},"end":{"line":60,"column":5}},{"start":{},"end":{}}],"line":58},"6":{"loc":{"start":{"line":81,"column":4},"end":{"line":83,"column":5}},"type":"if","locations":[{"start":{"line":81,"column":4},"end":{"line":83,"column":5}},{"start":{},"end":{}}],"line":81}},"s":{"0":2,"1":2,"2":2,"3":4,"4":0,"5":4,"6":4,"7":2,"8":2,"9":2,"10":2,"11":2,"12":2,"13":30,"14":120,"15":0,"16":30,"17":27,"18":5,"19":1,"20":4,"21":1,"22":3,"23":1,"24":3,"25":1,"26":2,"27":1,"28":1,"29":1,"30":2},"f":{"0":4,"1":2,"2":30,"3":5,"4":1,"5":3,"6":1},"b":{"0":[0,4],"1":[4,1],"2":[2,1],"3":[2,1],"4":[0,120],"5":[1,3],"6":[1,1]},"_coverageSchema":"1a1c01bbd47fc00a2c39e90264f33305004495a9","hash":"91f4dd8f8001abba3d85f4cee713347038685de3"}
,"/home/andrei.makarevich/Instinctools-intership/Stage3/server/src/utils/createModelSearchQuery.js": {"path":"/home/andrei.makarevich/Instinctools-intership/Stage3/server/src/utils/createModelSearchQuery.js","statementMap":{"0":{"start":{"line":1,"column":17},"end":{"line":1,"column":48}},"1":{"start":{"line":4,"column":2},"end":{"line":6,"column":3}},"2":{"start":{"line":5,"column":4},"end":{"line":5,"column":14}},"3":{"start":{"line":9,"column":2},"end":{"line":15,"column":3}},"4":{"start":{"line":10,"column":4},"end":{"line":14,"column":5}},"5":{"start":{"line":11,"column":6},"end":{"line":11,"column":34}},"6":{"start":{"line":13,"column":6},"end":{"line":13,"column":35}},"7":{"start":{"line":17,"column":22},"end":{"line":17,"column":24}},"8":{"start":{"line":20,"column":4},"end":{"line":54,"column":7}},"9":{"start":{"line":21,"column":6},"end":{"line":27,"column":7}},"10":{"start":{"line":22,"column":29},"end":{"line":24,"column":18}},"11":{"start":{"line":26,"column":8},"end":{"line":26,"column":62}},"12":{"start":{"line":29,"column":35},"end":{"line":31,"column":16}},"13":{"start":{"line":32,"column":26},"end":{"line":32,"column":52}},"14":{"start":{"line":34,"column":6},"end":{"line":53,"column":7}},"15":{"start":{"line":35,"column":8},"end":{"line":38,"column":10}},"16":{"start":{"line":40,"column":8},"end":{"line":45,"column":9}},"17":{"start":{"line":41,"column":10},"end":{"line":44,"column":12}},"18":{"start":{"line":47,"column":8},"end":{"line":52,"column":9}},"19":{"start":{"line":48,"column":10},"end":{"line":51,"column":12}},"20":{"start":{"line":57,"column":2},"end":{"line":57,"column":29}},"21":{"start":{"line":59,"column":2},"end":{"line":59,"column":21}},"22":{"start":{"line":62,"column":0},"end":{"line":62,"column":40}}},"fnMap":{"0":{"name":"createModelSearchQuery","decl":{"start":{"line":3,"column":9},"end":{"line":3,"column":31}},"loc":{"start":{"line":3,"column":37},"end":{"line":60,"column":1}},"line":3},"1":{"name":"fillFinalObject","decl":{"start":{"line":19,"column":11},"end":{"line":19,"column":26}},"loc":{"start":{"line":19,"column":52},"end":{"line":55,"column":3}},"line":19},"2":{"name":"(anonymous_2)","decl":{"start":{"line":20,"column":33},"end":{"line":20,"column":34}},"loc":{"start":{"line":20,"column":45},"end":{"line":54,"column":5}},"line":20}},"branchMap":{"0":{"loc":{"start":{"line":4,"column":2},"end":{"line":6,"column":3}},"type":"if","locations":[{"start":{"line":4,"column":2},"end":{"line":6,"column":3}},{"start":{},"end":{}}],"line":4},"1":{"loc":{"start":{"line":9,"column":2},"end":{"line":15,"column":3}},"type":"if","locations":[{"start":{"line":9,"column":2},"end":{"line":15,"column":3}},{"start":{},"end":{}}],"line":9},"2":{"loc":{"start":{"line":19,"column":36},"end":{"line":19,"column":50}},"type":"default-arg","locations":[{"start":{"line":19,"column":48},"end":{"line":19,"column":50}}],"line":19},"3":{"loc":{"start":{"line":21,"column":6},"end":{"line":27,"column":7}},"type":"if","locations":[{"start":{"line":21,"column":6},"end":{"line":27,"column":7}},{"start":{},"end":{}}],"line":21},"4":{"loc":{"start":{"line":22,"column":29},"end":{"line":24,"column":18}},"type":"cond-expr","locations":[{"start":{"line":23,"column":12},"end":{"line":23,"column":36}},{"start":{"line":24,"column":12},"end":{"line":24,"column":18}}],"line":22},"5":{"loc":{"start":{"line":29,"column":35},"end":{"line":31,"column":16}},"type":"cond-expr","locations":[{"start":{"line":30,"column":10},"end":{"line":30,"column":34}},{"start":{"line":31,"column":10},"end":{"line":31,"column":16}}],"line":29},"6":{"loc":{"start":{"line":34,"column":6},"end":{"line":53,"column":7}},"type":"if","locations":[{"start":{"line":34,"column":6},"end":{"line":53,"column":7}},{"start":{"line":39,"column":13},"end":{"line":53,"column":7}}],"line":34},"7":{"loc":{"start":{"line":40,"column":8},"end":{"line":45,"column":9}},"type":"if","locations":[{"start":{"line":40,"column":8},"end":{"line":45,"column":9}},{"start":{},"end":{}}],"line":40},"8":{"loc":{"start":{"line":47,"column":8},"end":{"line":52,"column":9}},"type":"if","locations":[{"start":{"line":47,"column":8},"end":{"line":52,"column":9}},{"start":{},"end":{}}],"line":47}},"s":{"0":3,"1":6,"2":2,"3":4,"4":4,"5":4,"6":0,"7":4,"8":4,"9":4,"10":0,"11":0,"12":4,"13":4,"14":4,"15":4,"16":0,"17":0,"18":0,"19":0,"20":4,"21":4,"22":3},"f":{"0":6,"1":4,"2":4},"b":{"0":[2,4],"1":[4,0],"2":[4],"3":[0,4],"4":[0,0],"5":[0,4],"6":[4,0],"7":[0,0],"8":[0,0]},"_coverageSchema":"1a1c01bbd47fc00a2c39e90264f33305004495a9","hash":"a80bdb849bc66069b575bbaa20de613438cd8f93"}
}
