TN:
SF:src/apiError/apiError.js
FN:2,(anonymous_0)
FN:8,(anonymous_1)
FNF:2
FNH:2
FNDA:25,(anonymous_0)
FNDA:25,(anonymous_1)
DA:3,25
DA:4,25
DA:5,25
DA:9,25
DA:13,3
LF:5
LH:5
BRF:0
BRH:0
end_of_record
TN:
SF:src/db/index.js
FN:4,connectToTheMongoDB
FN:5,(anonymous_1)
FN:10,checkForTheDuplication
FN:11,findDuplicate
FN:40,expandMongooseMethods
FN:45,(anonymous_5)
FN:57,(anonymous_6)
FNF:7
FNH:5
FNDA:0,connectToTheMongoDB
FNDA:0,(anonymous_1)
FNDA:90,checkForTheDuplication
FNDA:142,findDuplicate
FNDA:5,expandMongooseMethods
FNDA:90,(anonymous_5)
FNDA:7,(anonymous_6)
DA:1,3
DA:2,3
DA:5,0
DA:6,0
DA:12,142
DA:16,142
DA:17,7
DA:22,90
DA:23,90
DA:24,190
DA:25,48
DA:28,142
DA:29,131
DA:30,131
DA:32,131
DA:35,11
DA:37,90
DA:43,5
DA:45,5
DA:46,90
DA:47,83
DA:50,87
DA:55,5
DA:57,5
DA:63,7
DA:64,7
DA:67,4
DA:71,3
DA:73,3
LF:29
LH:27
BRDA:16,0,0,7
BRDA:16,0,1,135
BRDA:24,1,0,48
BRDA:24,1,1,142
BRDA:28,2,0,131
BRDA:28,2,1,11
BRDA:46,3,0,83
BRDA:46,3,1,7
BRDA:46,4,0,90
BRDA:46,4,1,83
BRDA:63,5,0,7
BRDA:63,5,1,0
BRDA:63,6,0,7
BRDA:63,6,1,7
BRF:14
BRH:13
end_of_record
TN:
SF:src/db/testDb.js
FN:4,GetMongoMemoryServer
FN:7,connect
FN:12,disconnect
FN:19,cleanDataBase
FN:23,(anonymous_4)
FNF:5
FNH:5
FNDA:3,GetMongoMemoryServer
FNDA:3,connect
FNDA:3,disconnect
FNDA:44,cleanDataBase
FNDA:132,(anonymous_4)
DA:1,3
DA:2,3
DA:5,3
DA:8,3
DA:9,3
DA:13,3
DA:14,3
DA:16,3
DA:20,44
DA:21,44
DA:23,44
DA:24,132
DA:27,44
DA:35,3
DA:43,3
LF:15
LH:15
BRF:0
BRH:0
end_of_record
TN:
SF:src/models/models.js
FNF:0
FNH:0
DA:1,3
DA:3,3
DA:39,3
DA:58,3
DA:70,3
DA:71,3
DA:72,3
DA:74,3
LF:8
LH:8
BRF:0
BRH:0
end_of_record
TN:
SF:src/service/consts.mock.js
FNF:0
FNH:0
DA:1,3
DA:8,3
DA:15,3
DA:22,3
DA:27,3
DA:32,3
DA:37,3
LF:7
LH:7
BRF:0
BRH:0
end_of_record
TN:
SF:src/service/groupService.js
FN:6,(anonymous_0)
FN:18,(anonymous_1)
FN:31,(anonymous_2)
FN:51,(anonymous_3)
FN:52,(anonymous_4)
FN:69,(anonymous_5)
FN:70,(anonymous_6)
FNF:7
FNH:7
FNDA:4,(anonymous_0)
FNDA:2,(anonymous_1)
FNDA:23,(anonymous_2)
FNDA:4,(anonymous_3)
FNDA:1,(anonymous_4)
FNDA:3,(anonymous_5)
FNDA:1,(anonymous_6)
DA:1,2
DA:2,2
DA:3,2
DA:7,4
DA:8,0
DA:11,4
DA:15,4
DA:19,2
DA:20,2
DA:22,2
DA:23,2
DA:24,2
DA:28,2
DA:32,23
DA:33,46
DA:34,0
DA:38,23
DA:48,21
DA:52,4
DA:53,1
DA:56,3
DA:57,1
DA:60,2
DA:66,1
DA:70,3
DA:71,1
DA:74,2
DA:75,1
DA:78,1
DA:80,1
DA:84,2
LF:31
LH:29
BRDA:7,0,0,0
BRDA:7,0,1,4
BRDA:7,1,0,4
BRDA:7,1,1,2
BRDA:19,2,0,2
BRDA:19,2,1,1
BRDA:20,3,0,2
BRDA:20,3,1,1
BRDA:33,4,0,0
BRDA:33,4,1,46
BRDA:56,5,0,1
BRDA:56,5,1,2
BRDA:74,6,0,1
BRDA:74,6,1,1
BRF:14
BRH:12
end_of_record
TN:
SF:src/service/userGroupService.js
FN:5,checkUser
FN:6,(anonymous_1)
FN:17,checkGroup
FN:18,(anonymous_3)
FN:29,checkUserAndGroup
FN:42,(anonymous_5)
FN:48,(anonymous_6)
FN:59,(anonymous_7)
FN:78,(anonymous_8)
FN:92,(anonymous_9)
FN:111,(anonymous_10)
FN:127,(anonymous_11)
FN:144,(anonymous_12)
FN:162,(anonymous_13)
FN:183,(anonymous_14)
FN:210,(anonymous_15)
FNF:16
FNH:12
FNDA:18,checkUser
FNDA:1,(anonymous_1)
FNDA:15,checkGroup
FNDA:1,(anonymous_3)
FNDA:16,checkUserAndGroup
FNDA:1,(anonymous_5)
FNDA:2,(anonymous_6)
FNDA:2,(anonymous_7)
FNDA:2,(anonymous_8)
FNDA:2,(anonymous_9)
FNDA:0,(anonymous_10)
FNDA:0,(anonymous_11)
FNDA:0,(anonymous_12)
FNDA:0,(anonymous_13)
FNDA:12,(anonymous_14)
FNDA:4,(anonymous_15)
DA:1,1
DA:2,1
DA:3,1
DA:6,18
DA:7,1
DA:10,17
DA:11,3
DA:14,14
DA:18,15
DA:19,1
DA:22,14
DA:23,3
DA:26,11
DA:35,16
DA:36,13
DA:38,10
DA:43,1
DA:45,1
DA:49,2
DA:51,1
DA:55,1
DA:56,1
DA:59,1
DA:60,2
DA:63,1
DA:70,1
DA:75,1
DA:79,2
DA:81,1
DA:85,1
DA:86,0
DA:89,1
DA:90,1
DA:92,1
DA:93,2
DA:96,1
DA:103,1
DA:108,1
DA:112,0
DA:114,0
DA:118,0
DA:119,0
DA:120,0
DA:123,0
DA:124,0
DA:126,0
DA:127,0
DA:129,0
DA:136,0
DA:141,0
DA:150,0
DA:152,0
DA:156,0
DA:157,0
DA:158,0
DA:161,0
DA:162,0
DA:165,0
DA:166,0
DA:168,0
DA:175,0
DA:180,0
DA:184,12
DA:191,8
DA:196,8
DA:197,1
DA:200,7
DA:205,7
DA:211,4
DA:218,2
DA:223,2
DA:224,1
DA:229,1
DA:231,1
DA:237,1
LF:75
LH:50
BRDA:10,0,0,3
BRDA:10,0,1,14
BRDA:22,1,0,3
BRDA:22,1,1,11
BRDA:67,2,0,1
BRDA:67,2,1,1
BRDA:68,3,0,1
BRDA:68,3,1,0
BRDA:85,4,0,0
BRDA:85,4,1,1
BRDA:100,5,0,1
BRDA:100,5,1,1
BRDA:101,6,0,1
BRDA:101,6,1,0
BRDA:118,7,0,0
BRDA:118,7,1,0
BRDA:133,8,0,0
BRDA:133,8,1,0
BRDA:134,9,0,0
BRDA:134,9,1,0
BRDA:156,10,0,0
BRDA:156,10,1,0
BRDA:172,11,0,0
BRDA:172,11,1,0
BRDA:173,12,0,0
BRDA:173,12,1,0
BRDA:196,13,0,1
BRDA:196,13,1,7
BRDA:223,14,0,1
BRDA:223,14,1,1
BRF:30
BRH:15
end_of_record
TN:
SF:src/service/userService.js
FN:6,(anonymous_0)
FN:18,(anonymous_1)
FN:31,(anonymous_2)
FN:53,(anonymous_3)
FN:54,(anonymous_4)
FN:76,(anonymous_5)
FN:77,(anonymous_6)
FNF:7
FNH:7
FNDA:4,(anonymous_0)
FNDA:2,(anonymous_1)
FNDA:30,(anonymous_2)
FNDA:5,(anonymous_3)
FNDA:1,(anonymous_4)
FNDA:3,(anonymous_5)
FNDA:1,(anonymous_6)
DA:1,2
DA:2,2
DA:3,2
DA:7,4
DA:8,0
DA:11,4
DA:15,4
DA:19,2
DA:20,2
DA:22,2
DA:23,2
DA:24,2
DA:28,2
DA:32,30
DA:33,120
DA:34,0
DA:38,30
DA:50,27
DA:54,5
DA:55,1
DA:58,4
DA:59,1
DA:62,3
DA:73,1
DA:77,3
DA:78,1
DA:81,2
DA:82,1
DA:84,1
DA:86,1
DA:90,2
LF:31
LH:29
BRDA:7,0,0,0
BRDA:7,0,1,4
BRDA:7,1,0,4
BRDA:7,1,1,1
BRDA:19,2,0,2
BRDA:19,2,1,1
BRDA:20,3,0,2
BRDA:20,3,1,1
BRDA:33,4,0,0
BRDA:33,4,1,120
BRDA:58,5,0,1
BRDA:58,5,1,3
BRDA:81,6,0,1
BRDA:81,6,1,1
BRF:14
BRH:12
end_of_record
TN:
SF:src/utils/createModelSearchQuery.js
FN:3,createModelSearchQuery
FN:19,fillFinalObject
FN:20,(anonymous_2)
FNF:3
FNH:3
FNDA:6,createModelSearchQuery
FNDA:4,fillFinalObject
FNDA:4,(anonymous_2)
DA:1,3
DA:4,6
DA:5,2
DA:9,4
DA:10,4
DA:11,4
DA:13,0
DA:17,4
DA:20,4
DA:21,4
DA:22,0
DA:26,0
DA:29,4
DA:32,4
DA:34,4
DA:35,4
DA:40,0
DA:41,0
DA:47,0
DA:48,0
DA:57,4
DA:59,4
DA:62,3
LF:23
LH:16
BRDA:4,0,0,2
BRDA:4,0,1,4
BRDA:9,1,0,4
BRDA:9,1,1,0
BRDA:19,2,0,4
BRDA:21,3,0,0
BRDA:21,3,1,4
BRDA:22,4,0,0
BRDA:22,4,1,0
BRDA:29,5,0,0
BRDA:29,5,1,4
BRDA:34,6,0,4
BRDA:34,6,1,0
BRDA:40,7,0,0
BRDA:40,7,1,0
BRDA:47,8,0,0
BRDA:47,8,1,0
BRF:17
BRH:7
end_of_record
