TN:
SF:src/apiError/apiError.js
FN:2,(anonymous_0)
FN:8,(anonymous_1)
FNF:2
FNH:2
FNDA:24,(anonymous_0)
FNDA:24,(anonymous_1)
DA:3,24
DA:4,24
DA:5,24
DA:9,24
DA:13,4
LF:5
LH:5
BRF:0
BRH:0
end_of_record
TN:
SF:src/db/index.js
FN:4,connectToTheMongoDB
FN:5,(anonymous_1)
FN:10,checkForTheDuplication
FN:11,findDuplicate
FN:40,expandMongooseMethods
FN:45,(anonymous_5)
FN:57,(anonymous_6)
FNF:7
FNH:3
FNDA:0,connectToTheMongoDB
FNDA:0,(anonymous_1)
FNDA:0,checkForTheDuplication
FNDA:0,findDuplicate
FNDA:5,expandMongooseMethods
FNDA:104,(anonymous_5)
FNDA:14,(anonymous_6)
DA:1,3
DA:2,3
DA:5,0
DA:6,0
DA:12,0
DA:16,0
DA:17,0
DA:22,0
DA:23,0
DA:24,0
DA:25,0
DA:28,0
DA:29,0
DA:30,0
DA:32,0
DA:35,0
DA:37,0
DA:43,5
DA:45,5
DA:46,104
DA:47,0
DA:50,104
DA:55,5
DA:57,5
DA:63,14
DA:64,0
DA:67,14
DA:71,3
DA:73,3
LF:29
LH:12
BRDA:16,0,0,0
BRDA:16,0,1,0
BRDA:24,1,0,0
BRDA:24,1,1,0
BRDA:28,2,0,0
BRDA:28,2,1,0
BRDA:46,3,0,0
BRDA:46,3,1,104
BRDA:46,4,0,104
BRDA:46,4,1,0
BRDA:63,5,0,0
BRDA:63,5,1,14
BRDA:63,6,0,14
BRDA:63,6,1,14
BRF:14
BRH:5
end_of_record
TN:
SF:src/db/testDb.js
FN:4,GetMongoMemoryServer
FN:7,connect
FN:12,disconnect
FN:19,cleanDataBase
FN:23,(anonymous_4)
FNF:5
FNH:5
FNDA:3,GetMongoMemoryServer
FNDA:3,connect
FNDA:3,disconnect
FNDA:48,cleanDataBase
FNDA:144,(anonymous_4)
DA:1,3
DA:2,3
DA:5,3
DA:8,3
DA:9,3
DA:13,3
DA:14,3
DA:16,3
DA:20,48
DA:21,48
DA:23,48
DA:24,144
DA:27,48
DA:35,3
DA:43,3
LF:15
LH:15
BRF:0
BRH:0
end_of_record
TN:
SF:src/models/models.js
FNF:0
FNH:0
DA:1,3
DA:3,3
DA:39,3
DA:58,3
DA:70,3
DA:72,3
DA:73,3
DA:74,3
DA:76,3
LF:9
LH:9
BRF:0
BRH:0
end_of_record
TN:
SF:src/service/consts.mock.js
FNF:0
FNH:0
DA:1,3
DA:8,3
DA:15,3
DA:22,3
DA:27,3
DA:32,3
DA:37,3
LF:7
LH:7
BRF:0
BRH:0
end_of_record
TN:
SF:src/service/groupService.js
FN:7,(anonymous_0)
FN:19,(anonymous_1)
FN:32,(anonymous_2)
FN:36,(anonymous_3)
FN:51,(anonymous_4)
FN:58,(anonymous_5)
FN:85,(anonymous_6)
FN:89,(anonymous_7)
FNF:8
FNH:7
FNDA:4,(anonymous_0)
FNDA:2,(anonymous_1)
FNDA:27,(anonymous_2)
FNDA:2,(anonymous_3)
FNDA:4,(anonymous_4)
FNDA:1,(anonymous_5)
FNDA:3,(anonymous_6)
FNDA:0,(anonymous_7)
DA:1,2
DA:2,2
DA:3,2
DA:4,2
DA:8,4
DA:9,0
DA:12,4
DA:16,4
DA:20,2
DA:21,2
DA:23,2
DA:24,2
DA:25,2
DA:29,2
DA:33,27
DA:37,2
DA:42,1
DA:45,1
DA:48,25
DA:52,4
DA:54,3
DA:59,1
DA:64,1
DA:67,0
DA:70,2
DA:71,0
DA:74,2
DA:75,1
DA:78,1
DA:79,0
DA:82,1
DA:86,3
DA:88,2
DA:90,0
DA:94,2
DA:95,1
DA:100,1
DA:104,2
LF:38
LH:33
BRDA:8,0,0,0
BRDA:8,0,1,4
BRDA:8,1,0,4
BRDA:8,1,1,2
BRDA:20,2,0,2
BRDA:20,2,1,1
BRDA:21,3,0,2
BRDA:21,3,1,1
BRDA:37,4,0,1
BRDA:37,4,1,1
BRDA:38,5,0,2
BRDA:38,5,1,1
BRDA:38,5,2,1
BRDA:59,6,0,1
BRDA:59,6,1,0
BRDA:60,7,0,1
BRDA:60,7,1,1
BRDA:60,7,2,1
BRDA:70,8,0,0
BRDA:70,8,1,2
BRDA:74,9,0,1
BRDA:74,9,1,1
BRDA:78,10,0,0
BRDA:78,10,1,1
BRDA:94,11,0,1
BRDA:94,11,1,1
BRF:26
BRH:22
end_of_record
TN:
SF:src/service/userGroupService.js
FN:7,(anonymous_0)
FN:13,(anonymous_1)
FN:28,(anonymous_2)
FN:47,(anonymous_3)
FN:63,(anonymous_4)
FN:81,(anonymous_5)
FN:96,(anonymous_6)
FN:115,(anonymous_7)
FN:126,(anonymous_8)
FN:144,(anonymous_9)
FN:166,(anonymous_10)
FN:178,(anonymous_11)
FNF:12
FNH:12
FNDA:1,(anonymous_0)
FNDA:2,(anonymous_1)
FNDA:2,(anonymous_2)
FNDA:2,(anonymous_3)
FNDA:1,(anonymous_4)
FNDA:2,(anonymous_5)
FNDA:2,(anonymous_6)
FNDA:2,(anonymous_7)
FNDA:1,(anonymous_8)
FNDA:14,(anonymous_9)
FNDA:1,(anonymous_10)
FNDA:4,(anonymous_11)
DA:1,1
DA:2,1
DA:3,1
DA:4,1
DA:8,1
DA:10,1
DA:14,2
DA:16,2
DA:20,2
DA:21,1
DA:24,1
DA:25,1
DA:28,1
DA:29,2
DA:32,1
DA:39,1
DA:44,1
DA:53,2
DA:55,2
DA:59,2
DA:60,2
DA:62,2
DA:63,1
DA:66,2
DA:73,2
DA:78,2
DA:82,2
DA:84,2
DA:88,2
DA:89,1
DA:92,1
DA:94,1
DA:96,1
DA:97,2
DA:100,1
DA:107,1
DA:112,1
DA:116,2
DA:118,2
DA:122,2
DA:123,2
DA:125,2
DA:126,1
DA:129,2
DA:136,2
DA:141,2
DA:145,14
DA:146,13
DA:148,12
DA:149,12
DA:151,12
DA:152,1
DA:157,11
DA:158,1
DA:163,10
DA:167,1
DA:168,1
DA:170,0
DA:173,9
DA:179,4
DA:180,4
DA:182,4
DA:187,4
DA:188,3
DA:191,1
DA:197,1
LF:66
LH:65
BRDA:13,0,0,1
BRDA:13,1,0,1
BRDA:20,2,0,1
BRDA:20,2,1,1
BRDA:50,3,0,0
BRDA:51,4,0,0
BRDA:81,5,0,1
BRDA:81,6,0,1
BRDA:88,7,0,1
BRDA:88,7,1,1
BRDA:115,8,0,1
BRDA:115,9,0,1
BRDA:151,10,0,1
BRDA:151,10,1,11
BRDA:157,11,0,1
BRDA:157,11,1,10
BRDA:167,12,0,1
BRDA:167,12,1,0
BRDA:187,13,0,3
BRDA:187,13,1,1
BRF:20
BRH:17
end_of_record
TN:
SF:src/service/userService.js
FN:7,(anonymous_0)
FN:19,(anonymous_1)
FN:29,(anonymous_2)
FN:35,(anonymous_3)
FN:51,(anonymous_4)
FN:63,(anonymous_5)
FN:91,(anonymous_6)
FNF:7
FNH:7
FNDA:5,(anonymous_0)
FNDA:2,(anonymous_1)
FNDA:34,(anonymous_2)
FNDA:3,(anonymous_3)
FNDA:5,(anonymous_4)
FNDA:2,(anonymous_5)
FNDA:3,(anonymous_6)
DA:1,2
DA:2,2
DA:3,2
DA:4,2
DA:8,5
DA:9,0
DA:12,5
DA:16,5
DA:20,2
DA:21,2
DA:22,2
DA:26,2
DA:30,34
DA:36,3
DA:37,2
DA:38,1
DA:41,1
DA:42,1
DA:45,1
DA:48,31
DA:52,5
DA:54,4
DA:64,2
DA:65,2
DA:66,1
DA:69,1
DA:70,1
DA:73,0
DA:76,2
DA:77,1
DA:80,1
DA:81,0
DA:84,1
DA:85,0
DA:88,1
DA:92,3
DA:93,2
DA:95,2
DA:96,1
DA:101,1
DA:105,2
LF:41
LH:37
BRDA:8,0,0,0
BRDA:8,0,1,5
BRDA:8,1,0,5
BRDA:8,1,1,2
BRDA:19,2,0,1
BRDA:19,3,0,1
BRDA:36,4,0,2
BRDA:36,4,1,1
BRDA:36,5,0,3
BRDA:36,5,1,2
BRDA:37,6,0,1
BRDA:37,6,1,1
BRDA:41,7,0,1
BRDA:41,7,1,0
BRDA:64,8,0,2
BRDA:64,8,1,0
BRDA:64,9,0,2
BRDA:64,9,1,2
BRDA:65,10,0,1
BRDA:65,10,1,1
BRDA:69,11,0,1
BRDA:69,11,1,0
BRDA:76,12,0,1
BRDA:76,12,1,1
BRDA:80,13,0,0
BRDA:80,13,1,1
BRDA:84,14,0,0
BRDA:84,14,1,1
BRDA:95,15,0,1
BRDA:95,15,1,1
BRF:30
BRH:24
end_of_record
TN:
SF:src/utils/checkId.js
FN:3,checkId
FNF:1
FNH:1
FNDA:58,checkId
DA:1,3
DA:4,58
DA:5,6
DA:9,3
LF:4
LH:4
BRDA:4,0,0,6
BRDA:4,0,1,52
BRF:2
BRH:2
end_of_record
TN:
SF:src/utils/createModelSearchQuery.js
FN:3,createModelSearchQuery
FN:19,fillFinalObject
FN:20,(anonymous_2)
FNF:3
FNH:3
FNDA:11,createModelSearchQuery
FNDA:8,fillFinalObject
FNDA:11,(anonymous_2)
DA:1,4
DA:4,11
DA:5,6
DA:9,5
DA:10,5
DA:11,5
DA:13,0
DA:17,5
DA:20,8
DA:21,11
DA:22,3
DA:26,3
DA:29,8
DA:32,8
DA:34,8
DA:35,6
DA:40,2
DA:41,2
DA:47,2
DA:48,2
DA:57,5
DA:59,5
DA:62,4
LF:23
LH:22
BRDA:4,0,0,6
BRDA:4,0,1,5
BRDA:9,1,0,5
BRDA:9,1,1,0
BRDA:19,2,0,5
BRDA:21,3,0,3
BRDA:21,3,1,8
BRDA:22,4,0,1
BRDA:22,4,1,2
BRDA:29,5,0,4
BRDA:29,5,1,4
BRDA:34,6,0,6
BRDA:34,6,1,2
BRDA:40,7,0,2
BRDA:40,7,1,0
BRDA:47,8,0,2
BRDA:47,8,1,0
BRF:17
BRH:14
end_of_record
